

----------------------------------------------- COMMONS-LANG_1_BUGGY -----------------------------------------------

##### DEV TESTS EXECUTION

Running ant (compile.tests)................................................ OK
Running ant (run.dev.tests)................................................ OK
Failing tests: 1
  - org.apache.commons.lang3.math.NumberUtilsTest::TestLang747
Dev tests execution time: 13 seconds




Extract test suite......................................................... OK
Running ant (compile.gen.tests)............................................ OK
Running ant (run.gen.tests)................................................ OK
Failing tests: 0
Gen tests execution time: 2 seconds

Extract test suite......................................................... OK
Running ant (compile.gen.tests)............................................ OK
Running ant (run.gen.tests)................................................ OK
Failing tests: 0
Gen tests execution time: 2 seconds

Extract test suite......................................................... OK
Running ant (compile.gen.tests)............................................ OK
Running ant (run.gen.tests)................................................ OK
Failing tests: 0
Gen tests execution time: 3 seconds

Extract test suite......................................................... OK
Running ant (compile.gen.tests)............................................ OK
Running ant (run.gen.tests)................................................ OK
Failing tests: 0
Gen tests execution time: 2 seconds

Extract test suite......................................................... OK
Running ant (compile.gen.tests)............................................ OK
Running ant (run.gen.tests)................................................ OK
Failing tests: 0
Gen tests execution time: 3 seconds



----------------------------------------------- COMMONS-LANG_2_BUGGY -----------------------------------------------

##### DEV TESTS EXECUTION

Running ant (compile.tests)................................................ OK
Running ant (run.dev.tests)................................................ OK
Failing tests: 1
  - org.apache.commons.lang3.math.NumberUtilsTest::TestLang747
Dev tests execution time: 14 seconds




Test suite archive not found: ./evosuite_tests_svm/Lang/evosuite/1/Lang-2b-evosuite.1.tar.bz2
Died at /home/ingridmarcal/Documents/defects4j/framework/bin/d4j/d4j-test line 125.
Compilation failed in require at /home/ingridmarcal/Documents/defects4j/framework/bin/defects4j line 195.
Gen tests execution time: 0 seconds

Test suite archive not found: ./evosuite_tests_svm/Lang/evosuite/2/Lang-2b-evosuite.2.tar.bz2
Died at /home/ingridmarcal/Documents/defects4j/framework/bin/d4j/d4j-test line 125.
Compilation failed in require at /home/ingridmarcal/Documents/defects4j/framework/bin/defects4j line 195.
Gen tests execution time: 0 seconds

Test suite archive not found: ./evosuite_tests_svm/Lang/evosuite/3/Lang-2b-evosuite.3.tar.bz2
Died at /home/ingridmarcal/Documents/defects4j/framework/bin/d4j/d4j-test line 125.
Compilation failed in require at /home/ingridmarcal/Documents/defects4j/framework/bin/defects4j line 195.
Gen tests execution time: 0 seconds

Test suite archive not found: ./evosuite_tests_svm/Lang/evosuite/4/Lang-2b-evosuite.4.tar.bz2
Died at /home/ingridmarcal/Documents/defects4j/framework/bin/d4j/d4j-test line 125.
Compilation failed in require at /home/ingridmarcal/Documents/defects4j/framework/bin/defects4j line 195.
Gen tests execution time: 0 seconds

Test suite archive not found: ./evosuite_tests_svm/Lang/evosuite/5/Lang-2b-evosuite.5.tar.bz2
Died at /home/ingridmarcal/Documents/defects4j/framework/bin/d4j/d4j-test line 125.
Compilation failed in require at /home/ingridmarcal/Documents/defects4j/framework/bin/defects4j line 195.
Gen tests execution time: 0 seconds



----------------------------------------------- COMMONS-LANG_3_BUGGY -----------------------------------------------

##### DEV TESTS EXECUTION

Running ant (compile.tests)................................................ FAIL
Executed command:  cd /home/ingridmarcal/Documents/SegundaGeracao/commons-lang/commons-lang_3_buggy && /home/ingridmarcal/Documents/defects4j/major/bin/ant -f /home/ingridmarcal/Documents/defects4j/framework/projects/defects4j.build.xml -Dd4j.home=/home/ingridmarcal/Documents/defects4j -Dd4j.dir.projects=/home/ingridmarcal/Documents/defects4j/framework/projects -Dbasedir=/home/ingridmarcal/Documents/SegundaGeracao/commons-lang/commons-lang_3_buggy -Dbuild.compiler=javac1.7  compile.tests 2>&1
OpenJDK 64-Bit Server VM warning: ignoring option MaxPermSize=1G; support was removed in 8.0
Buildfile: /home/ingridmarcal/Documents/defects4j/framework/projects/defects4j.build.xml

BUILD FAILED
/home/ingridmarcal/Documents/defects4j/framework/projects/defects4j.build.xml:34: Directory /home/ingridmarcal/Documents/SegundaGeracao/commons-lang/commons-lang_3_buggy is not a Defects4J working directory!

Total time: 0 seconds
Cannot compile test suite! at /home/ingridmarcal/Documents/defects4j/framework/bin/d4j/d4j-test line 134.
Compilation failed in require at /home/ingridmarcal/Documents/defects4j/framework/bin/defects4j line 195.
Dev tests execution time: 0 seconds




Extract test suite......................................................... OK
Running ant (compile.gen.tests)............................................ FAIL
Executed command:  cd /home/ingridmarcal/Documents/SegundaGeracao/commons-lang/commons-lang_3_buggy && ant -f /home/ingridmarcal/Documents/defects4j/framework/projects/defects4j.build.xml -Dd4j.home=/home/ingridmarcal/Documents/defects4j -Dd4j.dir.projects=/home/ingridmarcal/Documents/defects4j/framework/projects -Dbasedir=/home/ingridmarcal/Documents/SegundaGeracao/commons-lang/commons-lang_3_buggy -Dd4j.test.dir=/home/ingridmarcal/Documents/SegundaGeracao/commons-lang/commons-lang_3_buggy/.test_suite compile.gen.tests 2>&1
Buildfile: /home/ingridmarcal/Documents/defects4j/framework/projects/defects4j.build.xml

BUILD FAILED
/home/ingridmarcal/Documents/defects4j/framework/projects/defects4j.build.xml:34: Directory /home/ingridmarcal/Documents/SegundaGeracao/commons-lang/commons-lang_3_buggy is not a Defects4J working directory!

Total time: 0 seconds
Cannot compile extracted test suite! at /home/ingridmarcal/Documents/defects4j/framework/bin/d4j/d4j-test line 126.
Compilation failed in require at /home/ingridmarcal/Documents/defects4j/framework/bin/defects4j line 195.
Gen tests execution time: 0 seconds

Extract test suite......................................................... OK
Running ant (compile.gen.tests)............................................ FAIL
Executed command:  cd /home/ingridmarcal/Documents/SegundaGeracao/commons-lang/commons-lang_3_buggy && ant -f /home/ingridmarcal/Documents/defects4j/framework/projects/defects4j.build.xml -Dd4j.home=/home/ingridmarcal/Documents/defects4j -Dd4j.dir.projects=/home/ingridmarcal/Documents/defects4j/framework/projects -Dbasedir=/home/ingridmarcal/Documents/SegundaGeracao/commons-lang/commons-lang_3_buggy -Dd4j.test.dir=/home/ingridmarcal/Documents/SegundaGeracao/commons-lang/commons-lang_3_buggy/.test_suite compile.gen.tests 2>&1
Buildfile: /home/ingridmarcal/Documents/defects4j/framework/projects/defects4j.build.xml

BUILD FAILED
/home/ingridmarcal/Documents/defects4j/framework/projects/defects4j.build.xml:34: Directory /home/ingridmarcal/Documents/SegundaGeracao/commons-lang/commons-lang_3_buggy is not a Defects4J working directory!

Total time: 0 seconds
Cannot compile extracted test suite! at /home/ingridmarcal/Documents/defects4j/framework/bin/d4j/d4j-test line 126.
Compilation failed in require at /home/ingridmarcal/Documents/defects4j/framework/bin/defects4j line 195.
Gen tests execution time: 0 seconds

Extract test suite......................................................... OK
Running ant (compile.gen.tests)............................................ FAIL
Executed command:  cd /home/ingridmarcal/Documents/SegundaGeracao/commons-lang/commons-lang_3_buggy && ant -f /home/ingridmarcal/Documents/defects4j/framework/projects/defects4j.build.xml -Dd4j.home=/home/ingridmarcal/Documents/defects4j -Dd4j.dir.projects=/home/ingridmarcal/Documents/defects4j/framework/projects -Dbasedir=/home/ingridmarcal/Documents/SegundaGeracao/commons-lang/commons-lang_3_buggy -Dd4j.test.dir=/home/ingridmarcal/Documents/SegundaGeracao/commons-lang/commons-lang_3_buggy/.test_suite compile.gen.tests 2>&1
Buildfile: /home/ingridmarcal/Documents/defects4j/framework/projects/defects4j.build.xml

BUILD FAILED
/home/ingridmarcal/Documents/defects4j/framework/projects/defects4j.build.xml:34: Directory /home/ingridmarcal/Documents/SegundaGeracao/commons-lang/commons-lang_3_buggy is not a Defects4J working directory!

Total time: 0 seconds
Cannot compile extracted test suite! at /home/ingridmarcal/Documents/defects4j/framework/bin/d4j/d4j-test line 126.
Compilation failed in require at /home/ingridmarcal/Documents/defects4j/framework/bin/defects4j line 195.
Gen tests execution time: 0 seconds

Extract test suite......................................................... OK
Running ant (compile.gen.tests)............................................ FAIL
Executed command:  cd /home/ingridmarcal/Documents/SegundaGeracao/commons-lang/commons-lang_3_buggy && ant -f /home/ingridmarcal/Documents/defects4j/framework/projects/defects4j.build.xml -Dd4j.home=/home/ingridmarcal/Documents/defects4j -Dd4j.dir.projects=/home/ingridmarcal/Documents/defects4j/framework/projects -Dbasedir=/home/ingridmarcal/Documents/SegundaGeracao/commons-lang/commons-lang_3_buggy -Dd4j.test.dir=/home/ingridmarcal/Documents/SegundaGeracao/commons-lang/commons-lang_3_buggy/.test_suite compile.gen.tests 2>&1
Buildfile: /home/ingridmarcal/Documents/defects4j/framework/projects/defects4j.build.xml

BUILD FAILED
/home/ingridmarcal/Documents/defects4j/framework/projects/defects4j.build.xml:34: Directory /home/ingridmarcal/Documents/SegundaGeracao/commons-lang/commons-lang_3_buggy is not a Defects4J working directory!

Total time: 0 seconds
Cannot compile extracted test suite! at /home/ingridmarcal/Documents/defects4j/framework/bin/d4j/d4j-test line 126.
Compilation failed in require at /home/ingridmarcal/Documents/defects4j/framework/bin/defects4j line 195.
Gen tests execution time: 0 seconds

Extract test suite......................................................... OK
Running ant (compile.gen.tests)............................................ FAIL
Executed command:  cd /home/ingridmarcal/Documents/SegundaGeracao/commons-lang/commons-lang_3_buggy && ant -f /home/ingridmarcal/Documents/defects4j/framework/projects/defects4j.build.xml -Dd4j.home=/home/ingridmarcal/Documents/defects4j -Dd4j.dir.projects=/home/ingridmarcal/Documents/defects4j/framework/projects -Dbasedir=/home/ingridmarcal/Documents/SegundaGeracao/commons-lang/commons-lang_3_buggy -Dd4j.test.dir=/home/ingridmarcal/Documents/SegundaGeracao/commons-lang/commons-lang_3_buggy/.test_suite compile.gen.tests 2>&1
Buildfile: /home/ingridmarcal/Documents/defects4j/framework/projects/defects4j.build.xml

BUILD FAILED
/home/ingridmarcal/Documents/defects4j/framework/projects/defects4j.build.xml:34: Directory /home/ingridmarcal/Documents/SegundaGeracao/commons-lang/commons-lang_3_buggy is not a Defects4J working directory!

Total time: 0 seconds
Cannot compile extracted test suite! at /home/ingridmarcal/Documents/defects4j/framework/bin/d4j/d4j-test line 126.
Compilation failed in require at /home/ingridmarcal/Documents/defects4j/framework/bin/defects4j line 195.
Gen tests execution time: 1 seconds



----------------------------------------------- COMMONS-LANG_4_BUGGY -----------------------------------------------

##### DEV TESTS EXECUTION

Running ant (compile.tests)................................................ OK
Running ant (run.dev.tests)................................................ OK
Failing tests: 1
  - org.apache.commons.lang3.text.translate.LookupTranslatorTest::testLang882
Dev tests execution time: 17 seconds




Extract test suite......................................................... OK
Running ant (compile.gen.tests)............................................ OK
Running ant (run.gen.tests)................................................ OK
Failing tests: 0
Gen tests execution time: 3 seconds

Extract test suite......................................................... OK
Running ant (compile.gen.tests)............................................ OK
Running ant (run.gen.tests)................................................ OK
Failing tests: 0
Gen tests execution time: 3 seconds

Extract test suite......................................................... OK
Running ant (compile.gen.tests)............................................ OK
Running ant (run.gen.tests)................................................ OK
Failing tests: 0
Gen tests execution time: 4 seconds

Extract test suite......................................................... OK
Running ant (compile.gen.tests)............................................ OK
Running ant (run.gen.tests)................................................ OK
Failing tests: 0
Gen tests execution time: 5 seconds

Extract test suite......................................................... OK
Running ant (compile.gen.tests)............................................ OK
Running ant (run.gen.tests)................................................ OK
Failing tests: 0
Gen tests execution time: 4 seconds



----------------------------------------------- COMMONS-LANG_5_BUGGY -----------------------------------------------

##### DEV TESTS EXECUTION

Running ant (compile.tests)................................................ OK
Running ant (run.dev.tests)................................................ OK
Failing tests: 1
  - org.apache.commons.lang3.LocaleUtilsTest::testLang865
Dev tests execution time: 20 seconds




Extract test suite......................................................... OK
Running ant (compile.gen.tests)............................................ OK
Running ant (run.gen.tests)................................................ OK
Failing tests: 0
Gen tests execution time: 7 seconds

Extract test suite......................................................... OK
Running ant (compile.gen.tests)............................................ OK
Running ant (run.gen.tests)................................................ OK
Failing tests: 0
Gen tests execution time: 5 seconds

Extract test suite......................................................... OK
Running ant (compile.gen.tests)............................................ OK
Running ant (run.gen.tests)................................................ OK
Failing tests: 0
Gen tests execution time: 5 seconds

Extract test suite......................................................... OK
Running ant (compile.gen.tests)............................................ OK
Running ant (run.gen.tests)................................................ OK
Failing tests: 0
Gen tests execution time: 6 seconds

Extract test suite......................................................... OK
Running ant (compile.gen.tests)............................................ OK
Running ant (run.gen.tests)................................................ OK
Failing tests: 0
Gen tests execution time: 5 seconds



----------------------------------------------- COMMONS-LANG_6_BUGGY -----------------------------------------------

##### DEV TESTS EXECUTION

Running ant (compile.tests)................................................ OK
Running ant (run.dev.tests)................................................ OK
Failing tests: 1
  - org.apache.commons.lang3.StringUtilsTest::testEscapeSurrogatePairs
Dev tests execution time: 25 seconds




Extract test suite......................................................... OK
Running ant (compile.gen.tests)............................................ OK
Running ant (run.gen.tests)................................................ OK
Failing tests: 0
Gen tests execution time: 7 seconds

Extract test suite......................................................... OK
Running ant (compile.gen.tests)............................................ OK
Running ant (run.gen.tests)................................................ OK
Failing tests: 0
Gen tests execution time: 6 seconds

Extract test suite......................................................... OK
Running ant (compile.gen.tests)............................................ OK
Running ant (run.gen.tests)................................................ OK
Failing tests: 0
Gen tests execution time: 5 seconds

Extract test suite......................................................... OK
Running ant (compile.gen.tests)............................................ OK
Running ant (run.gen.tests)................................................ OK
Failing tests: 0
Gen tests execution time: 5 seconds

Extract test suite......................................................... OK
Running ant (compile.gen.tests)............................................ OK
Running ant (run.gen.tests)................................................ OK
Failing tests: 0
Gen tests execution time: 6 seconds



----------------------------------------------- COMMONS-LANG_7_BUGGY -----------------------------------------------

##### DEV TESTS EXECUTION

Running ant (compile.tests)................................................ OK
Running ant (run.dev.tests)................................................ OK
Failing tests: 1
  - org.apache.commons.lang3.math.NumberUtilsTest::testCreateNumber
Dev tests execution time: 27 seconds




Extract test suite......................................................... OK
Running ant (compile.gen.tests)............................................ OK
Running ant (run.gen.tests)................................................ OK
Failing tests: 0
Gen tests execution time: 8 seconds

Extract test suite......................................................... OK
Running ant (compile.gen.tests)............................................ OK
Running ant (run.gen.tests)................................................ OK
Failing tests: 0
Gen tests execution time: 7 seconds

Extract test suite......................................................... OK
Running ant (compile.gen.tests)............................................ OK
Running ant (run.gen.tests)................................................ OK
Failing tests: 0
Gen tests execution time: 6 seconds

Extract test suite......................................................... OK
Running ant (compile.gen.tests)............................................ OK
Running ant (run.gen.tests)................................................ OK
Failing tests: 0
Gen tests execution time: 6 seconds

Extract test suite......................................................... OK
Running ant (compile.gen.tests)............................................ OK
Running ant (run.gen.tests)................................................ OK
Failing tests: 0
Gen tests execution time: 7 seconds



----------------------------------------------- COMMONS-LANG_8_BUGGY -----------------------------------------------

##### DEV TESTS EXECUTION

Running ant (compile.tests)................................................ OK
Running ant (run.dev.tests)................................................ OK
Failing tests: 2
  - org.apache.commons.lang3.time.FastDateFormat_PrinterTest::testCalendarTimezoneRespected
  - org.apache.commons.lang3.time.FastDatePrinterTest::testCalendarTimezoneRespected
Dev tests execution time: 26 seconds




Extract test suite......................................................... OK
Running ant (compile.gen.tests)............................................ OK
Running ant (run.gen.tests)................................................ OK
Failing tests: 0
Gen tests execution time: 8 seconds

Extract test suite......................................................... OK
Running ant (compile.gen.tests)............................................ OK
Running ant (run.gen.tests)................................................ OK
Failing tests: 0
Gen tests execution time: 6 seconds

Extract test suite......................................................... OK
Running ant (compile.gen.tests)............................................ OK
Running ant (run.gen.tests)................................................ OK
Failing tests: 0
Gen tests execution time: 7 seconds

Extract test suite......................................................... OK
Running ant (compile.gen.tests)............................................ OK
Running ant (run.gen.tests)................................................ OK
Failing tests: 0
Gen tests execution time: 6 seconds

Extract test suite......................................................... OK
Running ant (compile.gen.tests)............................................ OK
Running ant (run.gen.tests)................................................ OK
Failing tests: 0
Gen tests execution time: 6 seconds



----------------------------------------------- COMMONS-LANG_9_BUGGY -----------------------------------------------

##### DEV TESTS EXECUTION

Running ant (compile.tests)................................................ OK
Running ant (run.dev.tests)................................................ OK
Failing tests: 2
  - org.apache.commons.lang3.time.FastDateFormat_ParserTest::testLANG_832
  - org.apache.commons.lang3.time.FastDateParserTest::testLANG_832
Dev tests execution time: 22 seconds




Extract test suite......................................................... OK
Running ant (compile.gen.tests)............................................ OK
Running ant (run.gen.tests)................................................ OK
Failing tests: 0
Gen tests execution time: 6 seconds

Extract test suite......................................................... OK
Running ant (compile.gen.tests)............................................ OK
Running ant (run.gen.tests)................................................ OK
Failing tests: 0
Gen tests execution time: 4 seconds

Extract test suite......................................................... OK
Running ant (compile.gen.tests)............................................ OK
Running ant (run.gen.tests)................................................ OK
Failing tests: 0
Gen tests execution time: 6 seconds

Extract test suite......................................................... OK
Running ant (compile.gen.tests)............................................ OK
Running ant (run.gen.tests)................................................ OK
Failing tests: 0
Gen tests execution time: 5 seconds

Extract test suite......................................................... OK
Running ant (compile.gen.tests)............................................ OK
Running ant (run.gen.tests)................................................ OK
Failing tests: 0
Gen tests execution time: 6 seconds



----------------------------------------------- COMMONS-LANG_10_BUGGY -----------------------------------------------

##### DEV TESTS EXECUTION

Running ant (compile.tests)................................................ OK
Running ant (run.dev.tests)................................................ OK
Failing tests: 2
  - org.apache.commons.lang3.time.FastDateFormat_ParserTest::testLANG_831
  - org.apache.commons.lang3.time.FastDateParserTest::testLANG_831
Dev tests execution time: 23 seconds




Extract test suite......................................................... OK
Running ant (compile.gen.tests)............................................ OK
Running ant (run.gen.tests)................................................ OK
Failing tests: 0
Gen tests execution time: 6 seconds

Extract test suite......................................................... OK
Running ant (compile.gen.tests)............................................ OK
Running ant (run.gen.tests)................................................ OK
Failing tests: 0
Gen tests execution time: 4 seconds

Extract test suite......................................................... OK
Running ant (compile.gen.tests)............................................ OK
Running ant (run.gen.tests)................................................ OK
Failing tests: 0
Gen tests execution time: 5 seconds

Extract test suite......................................................... OK
Running ant (compile.gen.tests)............................................ OK
Running ant (run.gen.tests)................................................ OK
Failing tests: 0
Gen tests execution time: 5 seconds

Extract test suite......................................................... OK
Running ant (compile.gen.tests)............................................ OK
Running ant (run.gen.tests)................................................ OK
Failing tests: 0
Gen tests execution time: 7 seconds



----------------------------------------------- COMMONS-LANG_11_BUGGY -----------------------------------------------

##### DEV TESTS EXECUTION

Running ant (compile.tests)................................................ OK
Running ant (run.dev.tests)................................................ OK
Failing tests: 1
  - org.apache.commons.lang3.RandomStringUtilsTest::testLANG807
Dev tests execution time: 20 seconds




Extract test suite......................................................... OK
Running ant (compile.gen.tests)............................................ OK
Running ant (run.gen.tests)................................................ OK
Failing tests: 0
Gen tests execution time: 5 seconds

Extract test suite......................................................... OK
Running ant (compile.gen.tests)............................................ OK
Running ant (run.gen.tests)................................................ OK
Failing tests: 0
Gen tests execution time: 4 seconds

Extract test suite......................................................... OK
Running ant (compile.gen.tests)............................................ OK
Running ant (run.gen.tests)................................................ OK
Failing tests: 0
Gen tests execution time: 5 seconds

Extract test suite......................................................... OK
Running ant (compile.gen.tests)............................................ OK
Running ant (run.gen.tests)................................................ OK
Failing tests: 0
Gen tests execution time: 4 seconds

Extract test suite......................................................... OK
Running ant (compile.gen.tests)............................................ OK
Running ant (run.gen.tests)................................................ OK
Failing tests: 0
Gen tests execution time: 4 seconds



----------------------------------------------- COMMONS-LANG_12_BUGGY -----------------------------------------------

##### DEV TESTS EXECUTION

Running ant (compile.tests)................................................ OK
Running ant (run.dev.tests)................................................ OK
Failing tests: 2
  - org.apache.commons.lang3.RandomStringUtilsTest::testExceptions
  - org.apache.commons.lang3.RandomStringUtilsTest::testLANG805
Dev tests execution time: 19 seconds




Extract test suite......................................................... OK
Running ant (compile.gen.tests)............................................ OK
Running ant (run.gen.tests)................................................ OK
Failing tests: 0
Gen tests execution time: 5 seconds

Extract test suite......................................................... OK
Running ant (compile.gen.tests)............................................ OK
Running ant (run.gen.tests)................................................ OK
Failing tests: 0
Gen tests execution time: 6 seconds

Extract test suite......................................................... OK
Running ant (compile.gen.tests)............................................ OK
Running ant (run.gen.tests)................................................ OK
Failing tests: 0
Gen tests execution time: 5 seconds

Extract test suite......................................................... OK
Running ant (compile.gen.tests)............................................ OK
Running ant (run.gen.tests)................................................ OK
Failing tests: 0
Gen tests execution time: 6 seconds

Extract test suite......................................................... OK
Running ant (compile.gen.tests)............................................ OK
Running ant (run.gen.tests)................................................ OK
Failing tests: 0
Gen tests execution time: 4 seconds



----------------------------------------------- COMMONS-LANG_13_BUGGY -----------------------------------------------

##### DEV TESTS EXECUTION

Running ant (compile.tests)................................................ OK
Running ant (run.dev.tests)................................................ OK
Failing tests: 1
  - org.apache.commons.lang3.SerializationUtilsTest::testPrimitiveTypeClassSerialization
Dev tests execution time: 21 seconds




Extract test suite......................................................... OK
Running ant (compile.gen.tests)............................................ OK
Running ant (run.gen.tests)................................................ OK
Failing tests: 0
Gen tests execution time: 5 seconds

Extract test suite......................................................... OK
Running ant (compile.gen.tests)............................................ OK
Running ant (run.gen.tests)................................................ OK
Failing tests: 0
Gen tests execution time: 5 seconds

Extract test suite......................................................... OK
Running ant (compile.gen.tests)............................................ OK
Running ant (run.gen.tests)................................................ OK
Failing tests: 0
Gen tests execution time: 6 seconds

Extract test suite......................................................... OK
Running ant (compile.gen.tests)............................................ OK
Running ant (run.gen.tests)................................................ OK
Failing tests: 0
Gen tests execution time: 7 seconds

Extract test suite......................................................... OK
Running ant (compile.gen.tests)............................................ OK
Running ant (run.gen.tests)................................................ OK
Failing tests: 0
Gen tests execution time: 5 seconds



----------------------------------------------- COMMONS-LANG_14_BUGGY -----------------------------------------------

##### DEV TESTS EXECUTION

Running ant (compile.tests)................................................ OK
Running ant (run.dev.tests)................................................ OK
Failing tests: 1
  - org.apache.commons.lang3.StringUtilsEqualsIndexOfTest::testEquals
Dev tests execution time: 19 seconds




Extract test suite......................................................... OK
Running ant (compile.gen.tests)............................................ OK
Running ant (run.gen.tests)................................................ OK
Failing tests: 0
Gen tests execution time: 11 seconds

Extract test suite......................................................... OK
Running ant (compile.gen.tests)............................................ OK
Running ant (run.gen.tests)................................................ OK
Failing tests: 0
Gen tests execution time: 10 seconds

Extract test suite......................................................... OK
Running ant (compile.gen.tests)............................................ OK
Running ant (run.gen.tests)................................................ OK
Failing tests: 0
Gen tests execution time: 9 seconds

Extract test suite......................................................... OK
Running ant (compile.gen.tests)............................................ OK
Running ant (run.gen.tests)................................................ OK
Failing tests: 0
Gen tests execution time: 7 seconds

Extract test suite......................................................... OK
Running ant (compile.gen.tests)............................................ OK
Running ant (run.gen.tests)................................................ OK
Failing tests: 0
Gen tests execution time: 9 seconds



----------------------------------------------- COMMONS-LANG_15_BUGGY -----------------------------------------------

##### DEV TESTS EXECUTION

Running ant (compile.tests)................................................ OK
Running ant (run.dev.tests)................................................ OK
Failing tests: 2
  - org.apache.commons.lang3.reflect.TypeUtilsTest::testGetTypeArguments
  - org.apache.commons.lang3.reflect.TypeUtilsTest::testIsAssignable
Dev tests execution time: 21 seconds




Extract test suite......................................................... OK
Running ant (compile.gen.tests)............................................ OK
Running ant (run.gen.tests)................................................ OK
Failing tests: 1
  - org.apache.commons.lang3.reflect.TypeUtils_ESTest::test19
Gen tests execution time: 8 seconds

Extract test suite......................................................... OK
Running ant (compile.gen.tests)............................................ OK
Running ant (run.gen.tests)................................................ OK
Failing tests: 0
Gen tests execution time: 7 seconds

Extract test suite......................................................... OK
Running ant (compile.gen.tests)............................................ OK
Running ant (run.gen.tests)................................................ OK
Failing tests: 2
  - org.apache.commons.lang3.reflect.TypeUtils_ESTest::test14
  - org.apache.commons.lang3.reflect.TypeUtils_ESTest::test17
Gen tests execution time: 6 seconds

Extract test suite......................................................... OK
Running ant (compile.gen.tests)............................................ OK
Running ant (run.gen.tests)................................................ OK
Failing tests: 0
Gen tests execution time: 8 seconds

Extract test suite......................................................... OK
Running ant (compile.gen.tests)............................................ OK
Running ant (run.gen.tests)................................................ OK
Failing tests: 1
  - org.apache.commons.lang3.reflect.TypeUtils_ESTest::test00
Gen tests execution time: 7 seconds



----------------------------------------------- COMMONS-LANG_16_BUGGY -----------------------------------------------

##### DEV TESTS EXECUTION

Running ant (compile.tests)................................................ OK
Running ant (run.dev.tests)................................................ OK
Failing tests: 1
  - org.apache.commons.lang3.math.NumberUtilsTest::testCreateNumber
Dev tests execution time: 14 seconds




Extract test suite......................................................... OK
Running ant (compile.gen.tests)............................................ OK
Running ant (run.gen.tests)................................................ OK
Failing tests: 0
Gen tests execution time: 7 seconds

Extract test suite......................................................... OK
Running ant (compile.gen.tests)............................................ OK
Running ant (run.gen.tests)................................................ OK
Failing tests: 0
Gen tests execution time: 7 seconds

Extract test suite......................................................... OK
Running ant (compile.gen.tests)............................................ OK
Running ant (run.gen.tests)................................................ OK
Failing tests: 0
Gen tests execution time: 7 seconds

Extract test suite......................................................... OK
Running ant (compile.gen.tests)............................................ OK
Running ant (run.gen.tests)................................................ OK
Failing tests: 0
Gen tests execution time: 8 seconds

Extract test suite......................................................... OK
Running ant (compile.gen.tests)............................................ OK
Running ant (run.gen.tests)................................................ OK
Failing tests: 0
Gen tests execution time: 7 seconds



----------------------------------------------- COMMONS-LANG_17_BUGGY -----------------------------------------------

##### DEV TESTS EXECUTION

Running ant (compile.tests)................................................ OK
Running ant (run.dev.tests)................................................ OK
Failing tests: 1
  - org.apache.commons.lang3.StringEscapeUtilsTest::testLang720
Dev tests execution time: 15 seconds




Extract test suite......................................................... OK
Running ant (compile.gen.tests)............................................ OK
Running ant (run.gen.tests)................................................ OK
Failing tests: 0
Gen tests execution time: 6 seconds

Extract test suite......................................................... OK
Running ant (compile.gen.tests)............................................ OK
Running ant (run.gen.tests)................................................ OK
Failing tests: 0
Gen tests execution time: 5 seconds

Extract test suite......................................................... OK
Running ant (compile.gen.tests)............................................ OK
Running ant (run.gen.tests)................................................ OK
Failing tests: 0
Gen tests execution time: 4 seconds

Extract test suite......................................................... OK
Running ant (compile.gen.tests)............................................ OK
Running ant (run.gen.tests)................................................ OK
Failing tests: 0
Gen tests execution time: 5 seconds

Extract test suite......................................................... OK
Running ant (compile.gen.tests)............................................ OK
Running ant (run.gen.tests)................................................ OK
Failing tests: 0
Gen tests execution time: 5 seconds



----------------------------------------------- COMMONS-LANG_18_BUGGY -----------------------------------------------

##### DEV TESTS EXECUTION

Running ant (compile.tests)................................................ OK
Running ant (run.dev.tests)................................................ OK
Failing tests: 1
  - org.apache.commons.lang3.time.FastDateFormatTest::testFormat
Dev tests execution time: 14 seconds




Extract test suite......................................................... OK
Running ant (compile.gen.tests)............................................ OK
Running ant (run.gen.tests)................................................ OK
Failing tests: 26
  - org.apache.commons.lang3.time.FastDateFormat_ESTest::test43
  - org.apache.commons.lang3.time.FastDateFormat_ESTest::test42
  - org.apache.commons.lang3.time.FastDateFormat_ESTest::test41
  - org.apache.commons.lang3.time.FastDateFormat_ESTest::test40
  - org.apache.commons.lang3.time.FastDateFormat_ESTest::test18
  - org.apache.commons.lang3.time.FastDateFormat_ESTest::test19
  - org.apache.commons.lang3.time.FastDateFormat_ESTest::test29
  - org.apache.commons.lang3.time.FastDateFormat_ESTest::test28
  - org.apache.commons.lang3.time.FastDateFormat_ESTest::test25
  - org.apache.commons.lang3.time.FastDateFormat_ESTest::test24
  - org.apache.commons.lang3.time.FastDateFormat_ESTest::test27
  - org.apache.commons.lang3.time.FastDateFormat_ESTest::test26
  - org.apache.commons.lang3.time.FastDateFormat_ESTest::test21
  - org.apache.commons.lang3.time.FastDateFormat_ESTest::test20
  - org.apache.commons.lang3.time.FastDateFormat_ESTest::test23
  - org.apache.commons.lang3.time.FastDateFormat_ESTest::test22
  - org.apache.commons.lang3.time.FastDateFormat_ESTest::test39
  - org.apache.commons.lang3.time.FastDateFormat_ESTest::test36
  - org.apache.commons.lang3.time.FastDateFormat_ESTest::test35
  - org.apache.commons.lang3.time.FastDateFormat_ESTest::test38
  - org.apache.commons.lang3.time.FastDateFormat_ESTest::test37
  - org.apache.commons.lang3.time.FastDateFormat_ESTest::test32
  - org.apache.commons.lang3.time.FastDateFormat_ESTest::test31
  - org.apache.commons.lang3.time.FastDateFormat_ESTest::test34
  - org.apache.commons.lang3.time.FastDateFormat_ESTest::test33
  - org.apache.commons.lang3.time.FastDateFormat_ESTest::test30
Gen tests execution time: 8 seconds

Extract test suite......................................................... OK
Running ant (compile.gen.tests)............................................ OK
Running ant (run.gen.tests)................................................ OK
Failing tests: 4
  - org.apache.commons.lang3.time.FastDateFormat_ESTest::test19
  - org.apache.commons.lang3.time.FastDateFormat_ESTest::test25
  - org.apache.commons.lang3.time.FastDateFormat_ESTest::test24
  - org.apache.commons.lang3.time.FastDateFormat_ESTest::test23
Gen tests execution time: 7 seconds

Extract test suite......................................................... OK
Running ant (compile.gen.tests)............................................ OK
Running ant (run.gen.tests)................................................ OK
Failing tests: 10
  - org.apache.commons.lang3.time.FastDateFormat_ESTest::test29
  - org.apache.commons.lang3.time.FastDateFormat_ESTest::test28
  - org.apache.commons.lang3.time.FastDateFormat_ESTest::test25
  - org.apache.commons.lang3.time.FastDateFormat_ESTest::test24
  - org.apache.commons.lang3.time.FastDateFormat_ESTest::test27
  - org.apache.commons.lang3.time.FastDateFormat_ESTest::test26
  - org.apache.commons.lang3.time.FastDateFormat_ESTest::test23
  - org.apache.commons.lang3.time.FastDateFormat_ESTest::test22
  - org.apache.commons.lang3.time.FastDateFormat_ESTest::test31
  - org.apache.commons.lang3.time.FastDateFormat_ESTest::test30
Gen tests execution time: 8 seconds

Extract test suite......................................................... OK
Running ant (compile.gen.tests)............................................ OK
Running ant (run.gen.tests)................................................ OK
Failing tests: 16
  - org.apache.commons.lang3.time.FastDateFormat_ESTest::test18
  - org.apache.commons.lang3.time.FastDateFormat_ESTest::test19
  - org.apache.commons.lang3.time.FastDateFormat_ESTest::test29
  - org.apache.commons.lang3.time.FastDateFormat_ESTest::test28
  - org.apache.commons.lang3.time.FastDateFormat_ESTest::test25
  - org.apache.commons.lang3.time.FastDateFormat_ESTest::test24
  - org.apache.commons.lang3.time.FastDateFormat_ESTest::test27
  - org.apache.commons.lang3.time.FastDateFormat_ESTest::test26
  - org.apache.commons.lang3.time.FastDateFormat_ESTest::test21
  - org.apache.commons.lang3.time.FastDateFormat_ESTest::test20
  - org.apache.commons.lang3.time.FastDateFormat_ESTest::test23
  - org.apache.commons.lang3.time.FastDateFormat_ESTest::test22
  - org.apache.commons.lang3.time.FastDateFormat_ESTest::test32
  - org.apache.commons.lang3.time.FastDateFormat_ESTest::test31
  - org.apache.commons.lang3.time.FastDateFormat_ESTest::test33
  - org.apache.commons.lang3.time.FastDateFormat_ESTest::test30
Gen tests execution time: 7 seconds

Extract test suite......................................................... OK
Running ant (compile.gen.tests)............................................ OK
Running ant (run.gen.tests)................................................ OK
Failing tests: 34
  - org.apache.commons.lang3.time.FastDateFormat_ESTest::test47
  - org.apache.commons.lang3.time.FastDateFormat_ESTest::test46
  - org.apache.commons.lang3.time.FastDateFormat_ESTest::test49
  - org.apache.commons.lang3.time.FastDateFormat_ESTest::test48
  - org.apache.commons.lang3.time.FastDateFormat_ESTest::test43
  - org.apache.commons.lang3.time.FastDateFormat_ESTest::test42
  - org.apache.commons.lang3.time.FastDateFormat_ESTest::test45
  - org.apache.commons.lang3.time.FastDateFormat_ESTest::test44
  - org.apache.commons.lang3.time.FastDateFormat_ESTest::test41
  - org.apache.commons.lang3.time.FastDateFormat_ESTest::test40
  - org.apache.commons.lang3.time.FastDateFormat_ESTest::test53
  - org.apache.commons.lang3.time.FastDateFormat_ESTest::test50
  - org.apache.commons.lang3.time.FastDateFormat_ESTest::test52
  - org.apache.commons.lang3.time.FastDateFormat_ESTest::test51
  - org.apache.commons.lang3.time.FastDateFormat_ESTest::test29
  - org.apache.commons.lang3.time.FastDateFormat_ESTest::test28
  - org.apache.commons.lang3.time.FastDateFormat_ESTest::test25
  - org.apache.commons.lang3.time.FastDateFormat_ESTest::test24
  - org.apache.commons.lang3.time.FastDateFormat_ESTest::test27
  - org.apache.commons.lang3.time.FastDateFormat_ESTest::test26
  - org.apache.commons.lang3.time.FastDateFormat_ESTest::test21
  - org.apache.commons.lang3.time.FastDateFormat_ESTest::test20
  - org.apache.commons.lang3.time.FastDateFormat_ESTest::test23
  - org.apache.commons.lang3.time.FastDateFormat_ESTest::test22
  - org.apache.commons.lang3.time.FastDateFormat_ESTest::test39
  - org.apache.commons.lang3.time.FastDateFormat_ESTest::test36
  - org.apache.commons.lang3.time.FastDateFormat_ESTest::test35
  - org.apache.commons.lang3.time.FastDateFormat_ESTest::test38
  - org.apache.commons.lang3.time.FastDateFormat_ESTest::test37
  - org.apache.commons.lang3.time.FastDateFormat_ESTest::test32
  - org.apache.commons.lang3.time.FastDateFormat_ESTest::test31
  - org.apache.commons.lang3.time.FastDateFormat_ESTest::test34
  - org.apache.commons.lang3.time.FastDateFormat_ESTest::test33
  - org.apache.commons.lang3.time.FastDateFormat_ESTest::test30
Gen tests execution time: 6 seconds



----------------------------------------------- COMMONS-LANG_19_BUGGY -----------------------------------------------

##### DEV TESTS EXECUTION

Running ant (compile.tests)................................................ OK
Running ant (run.dev.tests)................................................ OK
Failing tests: 2
  - org.apache.commons.lang3.text.translate.NumericEntityUnescaperTest::testUnfinishedEntity
  - org.apache.commons.lang3.text.translate.NumericEntityUnescaperTest::testOutOfBounds
Dev tests execution time: 15 seconds




Extract test suite......................................................... OK
Running ant (compile.gen.tests)............................................ OK
Running ant (run.gen.tests)................................................ OK
Failing tests: 0
Gen tests execution time: 6 seconds

Extract test suite......................................................... OK
Running ant (compile.gen.tests)............................................ OK
Running ant (run.gen.tests)................................................ OK
Failing tests: 0
Gen tests execution time: 6 seconds

Extract test suite......................................................... OK
Running ant (compile.gen.tests)............................................ OK
Running ant (run.gen.tests)................................................ OK
Failing tests: 0
Gen tests execution time: 5 seconds

Extract test suite......................................................... OK
Running ant (compile.gen.tests)............................................ OK
Running ant (run.gen.tests)................................................ OK
Failing tests: 0
Gen tests execution time: 5 seconds

Extract test suite......................................................... OK
Running ant (compile.gen.tests)............................................ OK
Running ant (run.gen.tests)................................................ OK
Failing tests: 0
Gen tests execution time: 5 seconds



----------------------------------------------- COMMONS-LANG_20_BUGGY -----------------------------------------------

##### DEV TESTS EXECUTION

Running ant (compile.tests)................................................ OK
Running ant (run.dev.tests)................................................ OK
Failing tests: 2
  - org.apache.commons.lang3.StringUtilsTest::testJoin_ArrayChar
  - org.apache.commons.lang3.StringUtilsTest::testJoin_Objectarray
Dev tests execution time: 14 seconds




Extract test suite......................................................... OK
Running ant (compile.gen.tests)............................................ OK
Running ant (run.gen.tests)................................................ OK
Failing tests: 0
Gen tests execution time: 10 seconds

Extract test suite......................................................... OK
Running ant (compile.gen.tests)............................................ OK
Running ant (run.gen.tests)................................................ OK
Failing tests: 0
Gen tests execution time: 11 seconds

Extract test suite......................................................... OK
Running ant (compile.gen.tests)............................................ OK
Running ant (run.gen.tests)................................................ OK
Failing tests: 0
Gen tests execution time: 9 seconds

Extract test suite......................................................... OK
Running ant (compile.gen.tests)............................................ OK
Running ant (run.gen.tests)................................................ OK
Failing tests: 0
Gen tests execution time: 8 seconds

Extract test suite......................................................... OK
Running ant (compile.gen.tests)............................................ OK
Running ant (run.gen.tests)................................................ OK
Failing tests: 0
Gen tests execution time: 8 seconds



----------------------------------------------- COMMONS-LANG_21_BUGGY -----------------------------------------------

##### DEV TESTS EXECUTION

Running ant (compile.tests)................................................ OK
Running ant (run.dev.tests)................................................ OK
Failing tests: 1
  - org.apache.commons.lang3.time.DateUtilsTest::testIsSameLocalTime_Cal
Dev tests execution time: 13 seconds




Extract test suite......................................................... OK
Running ant (compile.gen.tests)............................................ OK
Running ant (run.gen.tests)................................................ OK
Failing tests: 0
Gen tests execution time: 6 seconds

Extract test suite......................................................... OK
Running ant (compile.gen.tests)............................................ OK
Running ant (run.gen.tests)................................................ OK
Failing tests: 0
Gen tests execution time: 6 seconds

Extract test suite......................................................... OK
Running ant (compile.gen.tests)............................................ OK
Running ant (run.gen.tests)................................................ OK
Failing tests: 0
Gen tests execution time: 6 seconds

Extract test suite......................................................... OK
Running ant (compile.gen.tests)............................................ OK
Running ant (run.gen.tests)................................................ OK
Failing tests: 0
Gen tests execution time: 5 seconds

Extract test suite......................................................... OK
Running ant (compile.gen.tests)............................................ OK
Running ant (run.gen.tests)................................................ OK
Failing tests: 0
Gen tests execution time: 7 seconds



----------------------------------------------- COMMONS-LANG_22_BUGGY -----------------------------------------------

##### DEV TESTS EXECUTION

Running ant (compile.tests)................................................ OK
Running ant (run.dev.tests)................................................ OK
Failing tests: 2
  - org.apache.commons.lang3.math.FractionTest::testReducedFactory_int_int
  - org.apache.commons.lang3.math.FractionTest::testReduce
Dev tests execution time: 12 seconds




Extract test suite......................................................... OK
Running ant (compile.gen.tests)............................................ OK
Running ant (run.gen.tests)................................................ OK
Failing tests: 0
Gen tests execution time: 6 seconds

Extract test suite......................................................... OK
Running ant (compile.gen.tests)............................................ OK
Running ant (run.gen.tests)................................................ OK
Failing tests: 0
Gen tests execution time: 5 seconds

Extract test suite......................................................... OK
Running ant (compile.gen.tests)............................................ OK
Running ant (run.gen.tests)................................................ OK
Failing tests: 0
Gen tests execution time: 5 seconds

Extract test suite......................................................... OK
Running ant (compile.gen.tests)............................................ OK
Running ant (run.gen.tests)................................................ OK
Failing tests: 0
Gen tests execution time: 4 seconds

Extract test suite......................................................... OK
Running ant (compile.gen.tests)............................................ OK
Running ant (run.gen.tests)................................................ OK
Failing tests: 0
Gen tests execution time: 5 seconds



----------------------------------------------- COMMONS-LANG_23_BUGGY -----------------------------------------------

##### DEV TESTS EXECUTION

Running ant (compile.tests)................................................ OK
Running ant (run.dev.tests)................................................ OK
Failing tests: 1
  - org.apache.commons.lang3.text.ExtendedMessageFormatTest::testEqualsHashcode
Dev tests execution time: 12 seconds




Extract test suite......................................................... OK
Running ant (compile.gen.tests)............................................ OK
Running ant (run.gen.tests)................................................ OK
Failing tests: 0
Gen tests execution time: 5 seconds

Extract test suite......................................................... OK
Running ant (compile.gen.tests)............................................ OK
Running ant (run.gen.tests)................................................ OK
Failing tests: 0
Gen tests execution time: 5 seconds

Extract test suite......................................................... OK
Running ant (compile.gen.tests)............................................ OK
Running ant (run.gen.tests)................................................ OK
Failing tests: 0
Gen tests execution time: 5 seconds

Extract test suite......................................................... OK
Running ant (compile.gen.tests)............................................ OK
Running ant (run.gen.tests)................................................ OK
Failing tests: 0
Gen tests execution time: 4 seconds

Extract test suite......................................................... OK
Running ant (compile.gen.tests)............................................ OK
Running ant (run.gen.tests)................................................ OK
Failing tests: 0
Gen tests execution time: 5 seconds



----------------------------------------------- COMMONS-LANG_24_BUGGY -----------------------------------------------

##### DEV TESTS EXECUTION

Running ant (compile.tests)................................................ OK
Running ant (run.dev.tests)................................................ OK
Failing tests: 1
  - org.apache.commons.lang3.math.NumberUtilsTest::testIsNumber
Dev tests execution time: 12 seconds




Extract test suite......................................................... OK
Running ant (compile.gen.tests)............................................ OK
Running ant (run.gen.tests)................................................ OK
Failing tests: 0
Gen tests execution time: 5 seconds

Extract test suite......................................................... OK
Running ant (compile.gen.tests)............................................ OK
Running ant (run.gen.tests)................................................ OK
Failing tests: 0
Gen tests execution time: 5 seconds

Extract test suite......................................................... OK
Running ant (compile.gen.tests)............................................ OK
Running ant (run.gen.tests)................................................ OK
Failing tests: 0
Gen tests execution time: 5 seconds

Extract test suite......................................................... OK
Running ant (compile.gen.tests)............................................ OK
Running ant (run.gen.tests)................................................ OK
Failing tests: 0
Gen tests execution time: 6 seconds

Extract test suite......................................................... OK
Running ant (compile.gen.tests)............................................ OK
Running ant (run.gen.tests)................................................ OK
Failing tests: 0
Gen tests execution time: 5 seconds



----------------------------------------------- COMMONS-LANG_25_BUGGY -----------------------------------------------

##### DEV TESTS EXECUTION

Running ant (compile.tests)................................................ OK
Running ant (run.dev.tests)................................................ OK
Failing tests: 1
  - org.apache.commons.lang3.text.translate.EntityArraysTest::testISO8859_1_ESCAPE
Dev tests execution time: 12 seconds




Extract test suite......................................................... OK
Running ant (compile.gen.tests)............................................ OK
Running ant (run.gen.tests)................................................ OK
Failing tests: 0
Gen tests execution time: 4 seconds

Extract test suite......................................................... OK
Running ant (compile.gen.tests)............................................ OK
Running ant (run.gen.tests)................................................ OK
Failing tests: 0
Gen tests execution time: 3 seconds

Extract test suite......................................................... OK
Running ant (compile.gen.tests)............................................ OK
Running ant (run.gen.tests)................................................ OK
Failing tests: 0
Gen tests execution time: 5 seconds

Extract test suite......................................................... OK
Running ant (compile.gen.tests)............................................ OK
Running ant (run.gen.tests)................................................ OK
Failing tests: 0
Gen tests execution time: 3 seconds

Extract test suite......................................................... OK
Running ant (compile.gen.tests)............................................ OK
Running ant (run.gen.tests)................................................ OK
Failing tests: 0
Gen tests execution time: 4 seconds



----------------------------------------------- COMMONS-LANG_26_BUGGY -----------------------------------------------

##### DEV TESTS EXECUTION

Running ant (compile.tests)................................................ OK
Running ant (run.dev.tests)................................................ OK
Failing tests: 1
  - org.apache.commons.lang3.time.FastDateFormatTest::testLang645
Dev tests execution time: 12 seconds




Extract test suite......................................................... OK
Running ant (compile.gen.tests)............................................ OK
Running ant (run.gen.tests)................................................ OK
Failing tests: 2
  - org.apache.commons.lang3.time.FastDateFormat_ESTest::test06
  - org.apache.commons.lang3.time.FastDateFormat_ESTest::test12
Gen tests execution time: 6 seconds

Extract test suite......................................................... OK
Running ant (compile.gen.tests)............................................ OK
Running ant (run.gen.tests)................................................ OK
Failing tests: 0
Gen tests execution time: 6 seconds

Extract test suite......................................................... OK
Running ant (compile.gen.tests)............................................ OK
Running ant (run.gen.tests)................................................ OK
Failing tests: 0
Gen tests execution time: 6 seconds

Extract test suite......................................................... OK
Running ant (compile.gen.tests)............................................ OK
Running ant (run.gen.tests)................................................ OK
Failing tests: 0
Gen tests execution time: 6 seconds

Extract test suite......................................................... OK
Running ant (compile.gen.tests)............................................ OK
Running ant (run.gen.tests)................................................ OK
Failing tests: 0
Gen tests execution time: 5 seconds



----------------------------------------------- COMMONS-LANG_27_BUGGY -----------------------------------------------

##### DEV TESTS EXECUTION

Running ant (compile.tests)................................................ OK
Running ant (run.dev.tests)................................................ OK
Failing tests: 1
  - org.apache.commons.lang3.math.NumberUtilsTest::testCreateNumber
Dev tests execution time: 13 seconds




Extract test suite......................................................... OK
Running ant (compile.gen.tests)............................................ OK
Running ant (run.gen.tests)................................................ OK
Failing tests: 0
Gen tests execution time: 5 seconds

Extract test suite......................................................... OK
Running ant (compile.gen.tests)............................................ OK
Running ant (run.gen.tests)................................................ OK
Failing tests: 0
Gen tests execution time: 6 seconds

Extract test suite......................................................... OK
Running ant (compile.gen.tests)............................................ OK
Running ant (run.gen.tests)................................................ OK
Failing tests: 0
Gen tests execution time: 5 seconds

Extract test suite......................................................... OK
Running ant (compile.gen.tests)............................................ OK
Running ant (run.gen.tests)................................................ OK
Failing tests: 0
Gen tests execution time: 5 seconds

Extract test suite......................................................... OK
Running ant (compile.gen.tests)............................................ OK
Running ant (run.gen.tests)................................................ OK
Failing tests: 0
Gen tests execution time: 5 seconds



----------------------------------------------- COMMONS-LANG_28_BUGGY -----------------------------------------------

##### DEV TESTS EXECUTION

Running ant (compile.tests)................................................ OK
Running ant (run.dev.tests)................................................ OK
Failing tests: 1
  - org.apache.commons.lang3.text.translate.NumericEntityUnescaperTest::testSupplementaryUnescaping
Dev tests execution time: 12 seconds




Extract test suite......................................................... OK
Running ant (compile.gen.tests)............................................ OK
Running ant (run.gen.tests)................................................ OK
Failing tests: 0
Gen tests execution time: 5 seconds

Extract test suite......................................................... OK
Running ant (compile.gen.tests)............................................ OK
Running ant (run.gen.tests)................................................ OK
Failing tests: 0
Gen tests execution time: 4 seconds

Extract test suite......................................................... OK
Running ant (compile.gen.tests)............................................ OK
Running ant (run.gen.tests)................................................ OK
Failing tests: 0
Gen tests execution time: 4 seconds

Extract test suite......................................................... OK
Running ant (compile.gen.tests)............................................ OK
Running ant (run.gen.tests)................................................ OK
Failing tests: 0
Gen tests execution time: 4 seconds

Extract test suite......................................................... OK
Running ant (compile.gen.tests)............................................ OK
Running ant (run.gen.tests)................................................ OK
Failing tests: 0
Gen tests execution time: 4 seconds



----------------------------------------------- COMMONS-LANG_29_BUGGY -----------------------------------------------

##### DEV TESTS EXECUTION

Running ant (compile.tests)................................................ OK
Running ant (run.dev.tests)................................................ OK
Failing tests: 1
  - org.apache.commons.lang3.SystemUtilsTest::testJavaVersionAsInt
Dev tests execution time: 11 seconds




Extract test suite......................................................... OK
Running ant (compile.gen.tests)............................................ OK
Running ant (run.gen.tests)................................................ OK
Failing tests: 0
Gen tests execution time: 5 seconds

Extract test suite......................................................... OK
Running ant (compile.gen.tests)............................................ OK
Running ant (run.gen.tests)................................................ OK
Failing tests: 0
Gen tests execution time: 5 seconds

Extract test suite......................................................... OK
Running ant (compile.gen.tests)............................................ OK
Running ant (run.gen.tests)................................................ OK
Failing tests: 0
Gen tests execution time: 3 seconds

Extract test suite......................................................... OK
Running ant (compile.gen.tests)............................................ OK
Running ant (run.gen.tests)................................................ OK
Failing tests: 0
Gen tests execution time: 5 seconds

Extract test suite......................................................... OK
Running ant (compile.gen.tests)............................................ OK
Running ant (run.gen.tests)................................................ OK
Failing tests: 0
Gen tests execution time: 4 seconds



----------------------------------------------- COMMONS-LANG_30_BUGGY -----------------------------------------------

##### DEV TESTS EXECUTION

Running ant (compile.tests)................................................ OK
Running ant (run.dev.tests)................................................ OK
Failing tests: 10
  - org.apache.commons.lang3.StringUtilsEqualsIndexOfTest::testContainsNone_CharArrayWithSupplementaryChars
  - org.apache.commons.lang3.StringUtilsEqualsIndexOfTest::testContainsNone_StringWithSupplementaryChars
  - org.apache.commons.lang3.StringUtilsEqualsIndexOfTest::testContainsAny_StringCharArrayWithBadSupplementaryChars
  - org.apache.commons.lang3.StringUtilsEqualsIndexOfTest::testIndexOfAnyBut_StringStringWithSupplementaryChars
  - org.apache.commons.lang3.StringUtilsEqualsIndexOfTest::testContainsAny_StringWithBadSupplementaryChars
  - org.apache.commons.lang3.StringUtilsEqualsIndexOfTest::testIndexOfAny_StringCharArrayWithSupplementaryChars
  - org.apache.commons.lang3.StringUtilsEqualsIndexOfTest::testIndexOfAnyBut_StringCharArrayWithSupplementaryChars
  - org.apache.commons.lang3.StringUtilsEqualsIndexOfTest::testContainsNone_StringWithBadSupplementaryChars
  - org.apache.commons.lang3.StringUtilsEqualsIndexOfTest::testIndexOfAny_StringStringWithSupplementaryChars
  - org.apache.commons.lang3.StringUtilsEqualsIndexOfTest::testContainsNone_CharArrayWithBadSupplementaryChars
Dev tests execution time: 12 seconds




Extract test suite......................................................... OK
Running ant (compile.gen.tests)............................................ OK
Running ant (run.gen.tests)................................................ OK
Failing tests: 0
Gen tests execution time: 6 seconds

Extract test suite......................................................... OK
Running ant (compile.gen.tests)............................................ OK
Running ant (run.gen.tests)................................................ OK
Failing tests: 0
Gen tests execution time: 8 seconds

Extract test suite......................................................... OK
Running ant (compile.gen.tests)............................................ OK
Running ant (run.gen.tests)................................................ OK
Failing tests: 0
Gen tests execution time: 7 seconds

Extract test suite......................................................... OK
Running ant (compile.gen.tests)............................................ OK
Running ant (run.gen.tests)................................................ OK
Failing tests: 0
Gen tests execution time: 7 seconds

Extract test suite......................................................... OK
Running ant (compile.gen.tests)............................................ OK
Running ant (run.gen.tests)................................................ OK
Failing tests: 0
Gen tests execution time: 10 seconds



----------------------------------------------- COMMONS-LANG_31_BUGGY -----------------------------------------------

##### DEV TESTS EXECUTION

Running ant (compile.tests)................................................ OK
Running ant (run.dev.tests)................................................ OK
Failing tests: 2
  - org.apache.commons.lang3.StringUtilsEqualsIndexOfTest::testContainsAnyCharArrayWithSupplementaryChars
  - org.apache.commons.lang3.StringUtilsEqualsIndexOfTest::testContainsAnyStringWithSupplementaryChars
Dev tests execution time: 11 seconds




Extract test suite......................................................... OK
Running ant (compile.gen.tests)............................................ OK
Running ant (run.gen.tests)................................................ OK
Failing tests: 0
Gen tests execution time: 10 seconds

Extract test suite......................................................... OK
Running ant (compile.gen.tests)............................................ OK
Running ant (run.gen.tests)................................................ OK
Failing tests: 0
Gen tests execution time: 7 seconds

Extract test suite......................................................... OK
Running ant (compile.gen.tests)............................................ OK
Running ant (run.gen.tests)................................................ OK
Failing tests: 0
Gen tests execution time: 10 seconds

Extract test suite......................................................... OK
Running ant (compile.gen.tests)............................................ OK
Running ant (run.gen.tests)................................................ OK
Failing tests: 0
Gen tests execution time: 13 seconds

Extract test suite......................................................... OK
Running ant (compile.gen.tests)............................................ OK
Running ant (run.gen.tests)................................................ OK
Failing tests: 0
Gen tests execution time: 11 seconds



----------------------------------------------- COMMONS-LANG_32_BUGGY -----------------------------------------------

##### DEV TESTS EXECUTION

Running ant (compile.tests)................................................ OK
Running ant (run.dev.tests)................................................ OK
Failing tests: 1
  - org.apache.commons.lang3.builder.HashCodeBuilderTest::testReflectionObjectCycle
Dev tests execution time: 13 seconds




Extract test suite......................................................... OK
Running ant (compile.gen.tests)............................................ OK
Running ant (run.gen.tests)................................................ OK
Failing tests: 1
  - org.apache.commons.lang3.builder.HashCodeBuilder_ESTest::test09
Gen tests execution time: 5 seconds

Extract test suite......................................................... OK
Running ant (compile.gen.tests)............................................ OK
Running ant (run.gen.tests)................................................ OK
Failing tests: 0
Gen tests execution time: 6 seconds

Extract test suite......................................................... OK
Running ant (compile.gen.tests)............................................ OK
Running ant (run.gen.tests)................................................ OK
Failing tests: 1
  - org.apache.commons.lang3.builder.HashCodeBuilder_ESTest::test01
Gen tests execution time: 6 seconds

Extract test suite......................................................... OK
Running ant (compile.gen.tests)............................................ OK
Running ant (run.gen.tests)................................................ OK
Failing tests: 1
  - org.apache.commons.lang3.builder.HashCodeBuilder_ESTest::test01
Gen tests execution time: 6 seconds

Extract test suite......................................................... OK
Running ant (compile.gen.tests)............................................ OK
Running ant (run.gen.tests)................................................ OK
Failing tests: 0
Gen tests execution time: 6 seconds



----------------------------------------------- COMMONS-LANG_33_BUGGY -----------------------------------------------

##### DEV TESTS EXECUTION

Running ant (compile.tests)................................................ OK
Running ant (run.dev.tests)................................................ OK
Failing tests: 1
  - org.apache.commons.lang3.ClassUtilsTest::testToClass_object
Dev tests execution time: 12 seconds




Extract test suite......................................................... OK
Running ant (compile.gen.tests)............................................ OK
Running ant (run.gen.tests)................................................ OK
Failing tests: 0
Gen tests execution time: 8 seconds

Extract test suite......................................................... OK
Running ant (compile.gen.tests)............................................ OK
Running ant (run.gen.tests)................................................ OK
Failing tests: 0
Gen tests execution time: 6 seconds

Extract test suite......................................................... OK
Running ant (compile.gen.tests)............................................ OK
Running ant (run.gen.tests)................................................ OK
Failing tests: 0
Gen tests execution time: 6 seconds

Extract test suite......................................................... OK
Running ant (compile.gen.tests)............................................ OK
Running ant (run.gen.tests)................................................ OK
Failing tests: 0
Gen tests execution time: 5 seconds

Extract test suite......................................................... OK
Running ant (compile.gen.tests)............................................ OK
Running ant (run.gen.tests)................................................ OK
Failing tests: 0
Gen tests execution time: 6 seconds



----------------------------------------------- COMMONS-LANG_34_BUGGY -----------------------------------------------

##### DEV TESTS EXECUTION

Running ant (compile.tests)................................................ OK
Running ant (run.dev.tests)................................................ OK
Failing tests: 27
  - org.apache.commons.lang3.builder.ToStringBuilderTest::testObjectCycle
  - org.apache.commons.lang3.builder.ToStringBuilderTest::testReflectionHierarchy
  - org.apache.commons.lang3.builder.ToStringBuilderTest::testSelfInstanceTwoVarsReflectionObjectCycle
  - org.apache.commons.lang3.builder.ToStringBuilderTest::testReflectionArrayCycle
  - org.apache.commons.lang3.builder.ToStringBuilderTest::testReflectionLongArrayArray
  - org.apache.commons.lang3.builder.ToStringBuilderTest::testReflectionArrayArrayCycle
  - org.apache.commons.lang3.builder.ToStringBuilderTest::testReflectionFloatArray
  - org.apache.commons.lang3.builder.ToStringBuilderTest::testReflectionDoubleArrayArray
  - org.apache.commons.lang3.builder.ToStringBuilderTest::testReflectionBooleanArray
  - org.apache.commons.lang3.builder.ToStringBuilderTest::testReflectionyteArray
  - org.apache.commons.lang3.builder.ToStringBuilderTest::testReflectionDoubleArray
  - org.apache.commons.lang3.builder.ToStringBuilderTest::testReflectionIntArrayArray
  - org.apache.commons.lang3.builder.ToStringBuilderTest::testReflectionLongArray
  - org.apache.commons.lang3.builder.ToStringBuilderTest::testReflectionhortArrayArray
  - org.apache.commons.lang3.builder.ToStringBuilderTest::testReflectionObjectArray
  - org.apache.commons.lang3.builder.ToStringBuilderTest::testReflectionObjectCycle
  - org.apache.commons.lang3.builder.ToStringBuilderTest::testReflectionBooleanArrayArray
  - org.apache.commons.lang3.builder.ToStringBuilderTest::testSimpleReflectionObjectCycle
  - org.apache.commons.lang3.builder.ToStringBuilderTest::testReflectionByteArrayArray
  - org.apache.commons.lang3.builder.ToStringBuilderTest::testReflectionArrayCycleLevel2
  - org.apache.commons.lang3.builder.ToStringBuilderTest::testReflectionArrayAndObjectCycle
  - org.apache.commons.lang3.builder.ToStringBuilderTest::testReflectionCharArrayArray
  - org.apache.commons.lang3.builder.ToStringBuilderTest::testReflectionShortArray
  - org.apache.commons.lang3.builder.ToStringBuilderTest::testSelfInstanceVarReflectionObjectCycle
  - org.apache.commons.lang3.builder.ToStringBuilderTest::testReflectionIntArray
  - org.apache.commons.lang3.builder.ToStringBuilderTest::testReflectionCharArray
  - org.apache.commons.lang3.builder.ToStringBuilderTest::testReflectionFloatArrayArray
Dev tests execution time: 16 seconds




Extract test suite......................................................... OK
Running ant (compile.gen.tests)............................................ OK
Running ant (run.gen.tests)................................................ OK
Failing tests: 0
Gen tests execution time: 9 seconds

Extract test suite......................................................... OK
Running ant (compile.gen.tests)............................................ OK
Running ant (run.gen.tests)................................................ OK
Failing tests: 0
Gen tests execution time: 8 seconds

Extract test suite......................................................... OK
Running ant (compile.gen.tests)............................................ OK
Running ant (run.gen.tests)................................................ OK
Failing tests: 0
Gen tests execution time: 7 seconds

Extract test suite......................................................... OK
Running ant (compile.gen.tests)............................................ OK
Running ant (run.gen.tests)................................................ OK
Failing tests: 0
Gen tests execution time: 10 seconds

Extract test suite......................................................... OK
Running ant (compile.gen.tests)............................................ OK
Running ant (run.gen.tests)................................................ OK
Failing tests: 0
Gen tests execution time: 9 seconds



----------------------------------------------- COMMONS-LANG_35_BUGGY -----------------------------------------------

##### DEV TESTS EXECUTION

Running ant (compile.tests)................................................ OK
Running ant (run.dev.tests)................................................ OK
Failing tests: 1
  - org.apache.commons.lang3.ArrayUtilsAddTest::testLANG571
Dev tests execution time: 13 seconds




Extract test suite......................................................... OK
Running ant (compile.gen.tests)............................................ OK
Running ant (run.gen.tests)................................................ OK
Failing tests: 0
Gen tests execution time: 9 seconds

Extract test suite......................................................... OK
Running ant (compile.gen.tests)............................................ OK
Running ant (run.gen.tests)................................................ OK
Failing tests: 1
  - org.apache.commons.lang3.ArrayUtils_ESTest::test361
Gen tests execution time: 7 seconds

Extract test suite......................................................... OK
Running ant (compile.gen.tests)............................................ OK
Running ant (run.gen.tests)................................................ OK
Failing tests: 0
Gen tests execution time: 8 seconds

Extract test suite......................................................... OK
Running ant (compile.gen.tests)............................................ OK
Running ant (run.gen.tests)................................................ OK
Failing tests: 0
Gen tests execution time: 9 seconds

Extract test suite......................................................... OK
Running ant (compile.gen.tests)............................................ OK
Running ant (run.gen.tests)................................................ OK
Failing tests: 0
Gen tests execution time: 7 seconds



----------------------------------------------- COMMONS-LANG_36_BUGGY -----------------------------------------------

##### DEV TESTS EXECUTION

Running ant (compile.tests)................................................ OK
Running ant (run.dev.tests)................................................ OK
Failing tests: 2
  - org.apache.commons.lang3.math.NumberUtilsTest::testCreateNumber
  - org.apache.commons.lang3.math.NumberUtilsTest::testIsNumber
Dev tests execution time: 10 seconds




Extract test suite......................................................... OK
Running ant (compile.gen.tests)............................................ OK
Running ant (run.gen.tests)................................................ OK
Failing tests: 0
Gen tests execution time: 5 seconds

Extract test suite......................................................... OK
Running ant (compile.gen.tests)............................................ OK
Running ant (run.gen.tests)................................................ OK
Failing tests: 0
Gen tests execution time: 4 seconds

Extract test suite......................................................... OK
Running ant (compile.gen.tests)............................................ OK
Running ant (run.gen.tests)................................................ OK
Failing tests: 0
Gen tests execution time: 5 seconds

Extract test suite......................................................... OK
Running ant (compile.gen.tests)............................................ OK
Running ant (run.gen.tests)................................................ OK
Failing tests: 0
Gen tests execution time: 5 seconds

Extract test suite......................................................... OK
Running ant (compile.gen.tests)............................................ OK
Running ant (run.gen.tests)................................................ OK
Failing tests: 0
Gen tests execution time: 4 seconds



----------------------------------------------- COMMONS-LANG_37_BUGGY -----------------------------------------------

##### DEV TESTS EXECUTION

Running ant (compile.tests)................................................ OK
Running ant (run.dev.tests)................................................ OK
Failing tests: 1
  - org.apache.commons.lang3.ArrayUtilsAddTest::testJira567
Dev tests execution time: 11 seconds




Extract test suite......................................................... OK
Running ant (compile.gen.tests)............................................ OK
Running ant (run.gen.tests)................................................ OK
Failing tests: 0
Gen tests execution time: 8 seconds

Extract test suite......................................................... OK
Running ant (compile.gen.tests)............................................ OK
Running ant (run.gen.tests)................................................ OK
Failing tests: 1
  - org.apache.commons.lang3.ArrayUtils_ESTest::test354
Gen tests execution time: 10 seconds

Extract test suite......................................................... OK
Running ant (compile.gen.tests)............................................ OK
Running ant (run.gen.tests)................................................ OK
Failing tests: 0
Gen tests execution time: 7 seconds

Extract test suite......................................................... OK
Running ant (compile.gen.tests)............................................ OK
Running ant (run.gen.tests)................................................ OK
Failing tests: 0
Gen tests execution time: 7 seconds

Extract test suite......................................................... OK
Running ant (compile.gen.tests)............................................ OK
Running ant (run.gen.tests)................................................ OK
Failing tests: 0
Gen tests execution time: 11 seconds



----------------------------------------------- COMMONS-LANG_38_BUGGY -----------------------------------------------

##### DEV TESTS EXECUTION

Running ant (compile.tests)................................................ OK
Running ant (run.dev.tests)................................................ OK
Failing tests: 1
  - org.apache.commons.lang3.time.FastDateFormatTest::testLang538
Dev tests execution time: 13 seconds




Extract test suite......................................................... OK
Running ant (compile.gen.tests)............................................ OK
Running ant (run.gen.tests)................................................ OK
Failing tests: 0
Gen tests execution time: 6 seconds

Extract test suite......................................................... OK
Running ant (compile.gen.tests)............................................ OK
Running ant (run.gen.tests)................................................ OK
Failing tests: 0
Gen tests execution time: 5 seconds

Extract test suite......................................................... OK
Running ant (compile.gen.tests)............................................ OK
Running ant (run.gen.tests)................................................ OK
Failing tests: 1
  - org.apache.commons.lang3.time.FastDateFormat_ESTest::test07
Gen tests execution time: 6 seconds

Extract test suite......................................................... OK
Running ant (compile.gen.tests)............................................ OK
Running ant (run.gen.tests)................................................ OK
Failing tests: 0
Gen tests execution time: 6 seconds

Extract test suite......................................................... OK
Running ant (compile.gen.tests)............................................ OK
Running ant (run.gen.tests)................................................ OK
Failing tests: 0
Gen tests execution time: 7 seconds



----------------------------------------------- COMMONS-LANG_39_BUGGY -----------------------------------------------

##### DEV TESTS EXECUTION

Running ant (compile.tests)................................................ OK
Running ant (run.dev.tests)................................................ OK
Failing tests: 1
  - org.apache.commons.lang3.StringUtilsTest::testReplace_StringStringArrayStringArray
Dev tests execution time: 12 seconds




Extract test suite......................................................... OK
Running ant (compile.gen.tests)............................................ OK
Running ant (run.gen.tests)................................................ OK
Failing tests: 0
Gen tests execution time: 9 seconds

Extract test suite......................................................... OK
Running ant (compile.gen.tests)............................................ OK
Running ant (run.gen.tests)................................................ OK
Failing tests: 0
Gen tests execution time: 8 seconds

Extract test suite......................................................... OK
Running ant (compile.gen.tests)............................................ OK
Running ant (run.gen.tests)................................................ OK
Failing tests: 0
Gen tests execution time: 9 seconds

Extract test suite......................................................... OK
Running ant (compile.gen.tests)............................................ OK
Running ant (run.gen.tests)................................................ OK
Failing tests: 0
Gen tests execution time: 7 seconds

Extract test suite......................................................... OK
Running ant (compile.gen.tests)............................................ OK
Running ant (run.gen.tests)................................................ OK
Failing tests: 0
Gen tests execution time: 7 seconds



----------------------------------------------- COMMONS-LANG_40_BUGGY -----------------------------------------------

##### DEV TESTS EXECUTION

Running ant (compile.tests)................................................ OK
Running ant (run.dev.tests)................................................ OK
Failing tests: 1
  - org.apache.commons.lang.StringUtilsEqualsIndexOfTest::testContainsIgnoreCase_LocaleIndependence
Dev tests execution time: 11 seconds




Extract test suite......................................................... OK
Running ant (compile.gen.tests)............................................ OK
Running ant (run.gen.tests)................................................ OK
Failing tests: 0
Gen tests execution time: 6 seconds

Extract test suite......................................................... OK
Running ant (compile.gen.tests)............................................ OK
Running ant (run.gen.tests)................................................ OK
Failing tests: 0
Gen tests execution time: 7 seconds

Extract test suite......................................................... OK
Running ant (compile.gen.tests)............................................ OK
Running ant (run.gen.tests)................................................ OK
Failing tests: 0
Gen tests execution time: 6 seconds

Extract test suite......................................................... OK
Running ant (compile.gen.tests)............................................ OK
Running ant (run.gen.tests)................................................ OK
Failing tests: 0
Gen tests execution time: 6 seconds

Extract test suite......................................................... OK
Running ant (compile.gen.tests)............................................ OK
Running ant (run.gen.tests)................................................ OK
Failing tests: 2
  - org.apache.commons.lang.StringUtils_ESTest::test177
  - org.apache.commons.lang.StringUtils_ESTest::test178
Gen tests execution time: 8 seconds



----------------------------------------------- COMMONS-LANG_41_BUGGY -----------------------------------------------

##### DEV TESTS EXECUTION

Running ant (compile.tests)................................................ OK
Running ant (run.dev.tests)................................................ OK
Failing tests: 2
  - org.apache.commons.lang.ClassUtilsTest::test_getShortClassName_Class
  - org.apache.commons.lang.ClassUtilsTest::test_getPackageName_Class
Dev tests execution time: 10 seconds




Extract test suite......................................................... OK
Running ant (compile.gen.tests)............................................ OK
Running ant (run.gen.tests)................................................ OK
Failing tests: 0
Gen tests execution time: 4 seconds

Extract test suite......................................................... OK
Running ant (compile.gen.tests)............................................ OK
Running ant (run.gen.tests)................................................ OK
Failing tests: 0
Gen tests execution time: 6 seconds

Extract test suite......................................................... OK
Running ant (compile.gen.tests)............................................ OK
Running ant (run.gen.tests)................................................ OK
Failing tests: 0
Gen tests execution time: 5 seconds

Extract test suite......................................................... OK
Running ant (compile.gen.tests)............................................ OK
Running ant (run.gen.tests)................................................ OK
Failing tests: 0
Gen tests execution time: 5 seconds

Extract test suite......................................................... OK
Running ant (compile.gen.tests)............................................ OK
Running ant (run.gen.tests)................................................ OK
Failing tests: 0
Gen tests execution time: 4 seconds



----------------------------------------------- COMMONS-LANG_42_BUGGY -----------------------------------------------

##### DEV TESTS EXECUTION

Running ant (compile.tests)................................................ OK
Running ant (run.dev.tests)................................................ OK
Failing tests: 1
  - org.apache.commons.lang.StringEscapeUtilsTest::testEscapeHtmlHighUnicode
Dev tests execution time: 13 seconds




Extract test suite......................................................... OK
Running ant (compile.gen.tests)............................................ OK
Running ant (run.gen.tests)................................................ OK
Failing tests: 0
Gen tests execution time: 3 seconds

Extract test suite......................................................... OK
Running ant (compile.gen.tests)............................................ OK
Running ant (run.gen.tests)................................................ OK
Failing tests: 0
Gen tests execution time: 4 seconds

Extract test suite......................................................... OK
Running ant (compile.gen.tests)............................................ OK
Running ant (run.gen.tests)................................................ OK
Failing tests: 0
Gen tests execution time: 3 seconds

Extract test suite......................................................... OK
Running ant (compile.gen.tests)............................................ OK
Running ant (run.gen.tests)................................................ OK
Failing tests: 0
Gen tests execution time: 6 seconds

Extract test suite......................................................... OK
Running ant (compile.gen.tests)............................................ OK
Running ant (run.gen.tests)................................................ OK
Failing tests: 1
  - org.apache.commons.lang.Entities_ESTest::test05
Gen tests execution time: 4 seconds



----------------------------------------------- COMMONS-LANG_43_BUGGY -----------------------------------------------

##### DEV TESTS EXECUTION

Running ant (compile.tests)................................................ OK
Running ant (run.dev.tests)................................................ OK
Failing tests: 1
  - org.apache.commons.lang.text.ExtendedMessageFormatTest::testEscapedQuote_LANG_477
Dev tests execution time: 21 seconds




Extract test suite......................................................... OK
Running ant (compile.gen.tests)............................................ OK
Running ant (run.gen.tests)................................................ OK
Failing tests: 0
Gen tests execution time: 2 seconds

Extract test suite......................................................... OK
Running ant (compile.gen.tests)............................................ OK
Running ant (run.gen.tests)................................................ OK
Failing tests: 0
Gen tests execution time: 1 seconds

Extract test suite......................................................... OK
Running ant (compile.gen.tests)............................................ OK
Running ant (run.gen.tests)................................................ OK
Failing tests: 0
Gen tests execution time: 2 seconds

Extract test suite......................................................... OK
Running ant (compile.gen.tests)............................................ OK
Running ant (run.gen.tests)................................................ OK
Failing tests: 0
Gen tests execution time: 3 seconds

Extract test suite......................................................... OK
Running ant (compile.gen.tests)............................................ OK
Running ant (run.gen.tests)................................................ OK
Failing tests: 0
Gen tests execution time: 2 seconds



----------------------------------------------- COMMONS-LANG_44_BUGGY -----------------------------------------------

##### DEV TESTS EXECUTION

Running ant (compile.tests)................................................ OK
Running ant (run.dev.tests)................................................ OK
Failing tests: 1
  - org.apache.commons.lang.NumberUtilsTest::testLang457
Dev tests execution time: 10 seconds




Extract test suite......................................................... OK
Running ant (compile.gen.tests)............................................ OK
Running ant (run.gen.tests)................................................ OK
Failing tests: 0
Gen tests execution time: 2 seconds

Extract test suite......................................................... OK
Running ant (compile.gen.tests)............................................ OK
Running ant (run.gen.tests)................................................ OK
Failing tests: 0
Gen tests execution time: 2 seconds

Extract test suite......................................................... OK
Running ant (compile.gen.tests)............................................ OK
Running ant (run.gen.tests)................................................ OK
Failing tests: 0
Gen tests execution time: 2 seconds

Extract test suite......................................................... OK
Running ant (compile.gen.tests)............................................ OK
Running ant (run.gen.tests)................................................ OK
Failing tests: 0
Gen tests execution time: 2 seconds

Extract test suite......................................................... OK
Running ant (compile.gen.tests)............................................ OK
Running ant (run.gen.tests)................................................ OK
Failing tests: 0
Gen tests execution time: 2 seconds



----------------------------------------------- COMMONS-LANG_45_BUGGY -----------------------------------------------

##### DEV TESTS EXECUTION

Running ant (compile.tests)................................................ OK
Running ant (run.dev.tests)................................................ OK
Failing tests: 1
  - org.apache.commons.lang.WordUtilsTest::testAbbreviate
Dev tests execution time: 9 seconds




Extract test suite......................................................... OK
Running ant (compile.gen.tests)............................................ OK
Running ant (run.gen.tests)................................................ OK
Failing tests: 0
Gen tests execution time: 3 seconds

Extract test suite......................................................... OK
Running ant (compile.gen.tests)............................................ OK
Running ant (run.gen.tests)................................................ OK
Failing tests: 0
Gen tests execution time: 2 seconds

Extract test suite......................................................... OK
Running ant (compile.gen.tests)............................................ OK
Running ant (run.gen.tests)................................................ OK
Failing tests: 0
Gen tests execution time: 2 seconds

Extract test suite......................................................... OK
Running ant (compile.gen.tests)............................................ OK
Running ant (run.gen.tests)................................................ OK
Failing tests: 0
Gen tests execution time: 2 seconds

Extract test suite......................................................... OK
Running ant (compile.gen.tests)............................................ OK
Running ant (run.gen.tests)................................................ OK
Failing tests: 0
Gen tests execution time: 2 seconds



----------------------------------------------- COMMONS-LANG_46_BUGGY -----------------------------------------------

##### DEV TESTS EXECUTION

Running ant (compile.tests)................................................ OK
Running ant (run.dev.tests)................................................ OK
Failing tests: 1
  - org.apache.commons.lang.StringEscapeUtilsTest::testEscapeJavaWithSlash
Dev tests execution time: 9 seconds




Extract test suite......................................................... OK
Running ant (compile.gen.tests)............................................ OK
Running ant (run.gen.tests)................................................ OK
Failing tests: 0
Gen tests execution time: 3 seconds

Extract test suite......................................................... OK
Running ant (compile.gen.tests)............................................ OK
Running ant (run.gen.tests)................................................ OK
Failing tests: 0
Gen tests execution time: 2 seconds

Extract test suite......................................................... OK
Running ant (compile.gen.tests)............................................ OK
Running ant (run.gen.tests)................................................ OK
Failing tests: 0
Gen tests execution time: 2 seconds

Extract test suite......................................................... OK
Running ant (compile.gen.tests)............................................ OK
Running ant (run.gen.tests)................................................ OK
Failing tests: 0
Gen tests execution time: 2 seconds

Extract test suite......................................................... OK
Running ant (compile.gen.tests)............................................ OK
Running ant (run.gen.tests)................................................ OK
Failing tests: 0
Gen tests execution time: 2 seconds



----------------------------------------------- COMMONS-LANG_47_BUGGY -----------------------------------------------

##### DEV TESTS EXECUTION

Running ant (compile.tests)................................................ OK
Running ant (run.dev.tests)................................................ OK
Failing tests: 2
  - org.apache.commons.lang.text.StrBuilderTest::testLang412Left
  - org.apache.commons.lang.text.StrBuilderTest::testLang412Right
Dev tests execution time: 10 seconds




Extract test suite......................................................... OK
Running ant (compile.gen.tests)............................................ OK
Running ant (run.gen.tests)................................................ OK
Failing tests: 0
Gen tests execution time: 3 seconds

Extract test suite......................................................... OK
Running ant (compile.gen.tests)............................................ OK
Running ant (run.gen.tests)................................................ OK
Failing tests: 0
Gen tests execution time: 3 seconds

Extract test suite......................................................... OK
Running ant (compile.gen.tests)............................................ OK
Running ant (run.gen.tests)................................................ OK
Failing tests: 0
Gen tests execution time: 4 seconds

Extract test suite......................................................... OK
Running ant (compile.gen.tests)............................................ OK
Running ant (run.gen.tests)................................................ OK
Failing tests: 0
Gen tests execution time: 3 seconds

Extract test suite......................................................... OK
Running ant (compile.gen.tests)............................................ OK
Running ant (run.gen.tests)................................................ OK
Failing tests: 0
Gen tests execution time: 3 seconds



----------------------------------------------- COMMONS-LANG_48_BUGGY -----------------------------------------------

##### DEV TESTS EXECUTION

Running ant (compile.tests)................................................ OK
Running ant (run.dev.tests)................................................ OK
Failing tests: 1
  - org.apache.commons.lang.builder.EqualsBuilderTest::testBigDecimal
Dev tests execution time: 10 seconds




Extract test suite......................................................... OK
Running ant (compile.gen.tests)............................................ OK
Running ant (run.gen.tests)................................................ OK
Failing tests: 0
Gen tests execution time: 2 seconds

Extract test suite......................................................... OK
Running ant (compile.gen.tests)............................................ OK
Running ant (run.gen.tests)................................................ OK
Failing tests: 0
Gen tests execution time: 2 seconds

Extract test suite......................................................... OK
Running ant (compile.gen.tests)............................................ OK
Running ant (run.gen.tests)................................................ OK
Failing tests: 0
Gen tests execution time: 3 seconds

Extract test suite......................................................... OK
Running ant (compile.gen.tests)............................................ OK
Running ant (run.gen.tests)................................................ OK
Failing tests: 0
Gen tests execution time: 2 seconds

Extract test suite......................................................... OK
Running ant (compile.gen.tests)............................................ OK
Running ant (run.gen.tests)................................................ OK
Failing tests: 0
Gen tests execution time: 2 seconds



----------------------------------------------- COMMONS-LANG_49_BUGGY -----------------------------------------------

##### DEV TESTS EXECUTION

Running ant (compile.tests)................................................ OK
Running ant (run.dev.tests)................................................ OK
Failing tests: 1
  - org.apache.commons.lang.math.FractionTest::testReduce
Dev tests execution time: 10 seconds




Extract test suite......................................................... OK
Running ant (compile.gen.tests)............................................ OK
Running ant (run.gen.tests)................................................ OK
Failing tests: 0
Gen tests execution time: 2 seconds

Extract test suite......................................................... OK
Running ant (compile.gen.tests)............................................ OK
Running ant (run.gen.tests)................................................ OK
Failing tests: 0
Gen tests execution time: 2 seconds

Extract test suite......................................................... OK
Running ant (compile.gen.tests)............................................ OK
Running ant (run.gen.tests)................................................ OK
Failing tests: 0
Gen tests execution time: 2 seconds

Extract test suite......................................................... OK
Running ant (compile.gen.tests)............................................ OK
Running ant (run.gen.tests)................................................ OK
Failing tests: 0
Gen tests execution time: 2 seconds

Extract test suite......................................................... OK
Running ant (compile.gen.tests)............................................ OK
Running ant (run.gen.tests)................................................ OK
Failing tests: 0
Gen tests execution time: 2 seconds



----------------------------------------------- COMMONS-LANG_50_BUGGY -----------------------------------------------

##### DEV TESTS EXECUTION

Running ant (compile.tests)................................................ OK
Running ant (run.dev.tests)................................................ OK
Failing tests: 2
  - org.apache.commons.lang.time.FastDateFormatTest::test_changeDefault_Locale_DateInstance
  - org.apache.commons.lang.time.FastDateFormatTest::test_changeDefault_Locale_DateTimeInstance
Dev tests execution time: 10 seconds




Extract test suite......................................................... OK
Running ant (compile.gen.tests)............................................ OK
Running ant (run.gen.tests)................................................ OK
Failing tests: 0
Gen tests execution time: 2 seconds

Extract test suite......................................................... OK
Running ant (compile.gen.tests)............................................ OK
Running ant (run.gen.tests)................................................ OK
Failing tests: 0
Gen tests execution time: 3 seconds

Extract test suite......................................................... OK
Running ant (compile.gen.tests)............................................ OK
Running ant (run.gen.tests)................................................ OK
Failing tests: 0
Gen tests execution time: 2 seconds

Extract test suite......................................................... OK
Running ant (compile.gen.tests)............................................ OK
Running ant (run.gen.tests)................................................ OK
Failing tests: 0
Gen tests execution time: 3 seconds

Extract test suite......................................................... OK
Running ant (compile.gen.tests)............................................ OK
Running ant (run.gen.tests)................................................ OK
Failing tests: 0
Gen tests execution time: 3 seconds



----------------------------------------------- COMMONS-LANG_51_BUGGY -----------------------------------------------

##### DEV TESTS EXECUTION

Running ant (compile.tests)................................................ OK
Running ant (run.dev.tests)................................................ OK
Failing tests: 1
  - org.apache.commons.lang.BooleanUtilsTest::test_toBoolean_String
Dev tests execution time: 9 seconds




Extract test suite......................................................... OK
Running ant (compile.gen.tests)............................................ OK
Running ant (run.gen.tests)................................................ OK
Failing tests: 0
Gen tests execution time: 2 seconds

Extract test suite......................................................... OK
Running ant (compile.gen.tests)............................................ OK
Running ant (run.gen.tests)................................................ OK
Failing tests: 0
Gen tests execution time: 2 seconds

Extract test suite......................................................... OK
Running ant (compile.gen.tests)............................................ OK
Running ant (run.gen.tests)................................................ OK
Failing tests: 0
Gen tests execution time: 3 seconds

Extract test suite......................................................... OK
Running ant (compile.gen.tests)............................................ OK
Running ant (run.gen.tests)................................................ OK
Failing tests: 0
Gen tests execution time: 2 seconds

Extract test suite......................................................... OK
Running ant (compile.gen.tests)............................................ OK
Running ant (run.gen.tests)................................................ OK
Failing tests: 0
Gen tests execution time: 2 seconds



----------------------------------------------- COMMONS-LANG_52_BUGGY -----------------------------------------------

##### DEV TESTS EXECUTION

Running ant (compile.tests)................................................ OK
Running ant (run.dev.tests)................................................ OK
Failing tests: 1
  - org.apache.commons.lang.StringEscapeUtilsTest::testEscapeJavaScript
Dev tests execution time: 9 seconds




Extract test suite......................................................... OK
Running ant (compile.gen.tests)............................................ OK
Running ant (run.gen.tests)................................................ OK
Failing tests: 0
Gen tests execution time: 2 seconds

Extract test suite......................................................... OK
Running ant (compile.gen.tests)............................................ OK
Running ant (run.gen.tests)................................................ OK
Failing tests: 0
Gen tests execution time: 3 seconds

Extract test suite......................................................... OK
Running ant (compile.gen.tests)............................................ OK
Running ant (run.gen.tests)................................................ OK
Failing tests: 0
Gen tests execution time: 2 seconds

Extract test suite......................................................... OK
Running ant (compile.gen.tests)............................................ OK
Running ant (run.gen.tests)................................................ OK
Failing tests: 0
Gen tests execution time: 2 seconds

Extract test suite......................................................... OK
Running ant (compile.gen.tests)............................................ OK
Running ant (run.gen.tests)................................................ OK
Failing tests: 0
Gen tests execution time: 2 seconds



----------------------------------------------- COMMONS-LANG_53_BUGGY -----------------------------------------------

##### DEV TESTS EXECUTION

Running ant (compile.tests)................................................ OK
Running ant (run.dev.tests)................................................ OK
Failing tests: 1
  - org.apache.commons.lang.time.DateUtilsTest::testRoundLang346
Dev tests execution time: 9 seconds




Extract test suite......................................................... OK
Running ant (compile.gen.tests)............................................ OK
Running ant (run.gen.tests)................................................ OK
Failing tests: 0
Gen tests execution time: 2 seconds

Extract test suite......................................................... OK
Running ant (compile.gen.tests)............................................ OK
Running ant (run.gen.tests)................................................ OK
Failing tests: 0
Gen tests execution time: 3 seconds

Extract test suite......................................................... OK
Running ant (compile.gen.tests)............................................ OK
Running ant (run.gen.tests)................................................ OK
Failing tests: 0
Gen tests execution time: 2 seconds

Extract test suite......................................................... OK
Running ant (compile.gen.tests)............................................ OK
Running ant (run.gen.tests)................................................ OK
Failing tests: 0
Gen tests execution time: 2 seconds

Extract test suite......................................................... OK
Running ant (compile.gen.tests)............................................ OK
Running ant (run.gen.tests)................................................ OK
Failing tests: 0
Gen tests execution time: 4 seconds



----------------------------------------------- COMMONS-LANG_54_BUGGY -----------------------------------------------

##### DEV TESTS EXECUTION

Running ant (compile.tests)................................................ OK
Running ant (run.dev.tests)................................................ OK
Failing tests: 1
  - org.apache.commons.lang.LocaleUtilsTest::testLang328
Dev tests execution time: 9 seconds




Extract test suite......................................................... OK
Running ant (compile.gen.tests)............................................ OK
Running ant (run.gen.tests)................................................ OK
Failing tests: 0
Gen tests execution time: 2 seconds

Extract test suite......................................................... OK
Running ant (compile.gen.tests)............................................ OK
Running ant (run.gen.tests)................................................ OK
Failing tests: 0
Gen tests execution time: 2 seconds

Extract test suite......................................................... OK
Running ant (compile.gen.tests)............................................ OK
Running ant (run.gen.tests)................................................ OK
Failing tests: 0
Gen tests execution time: 2 seconds

Extract test suite......................................................... OK
Running ant (compile.gen.tests)............................................ OK
Running ant (run.gen.tests)................................................ OK
Failing tests: 0
Gen tests execution time: 2 seconds

Extract test suite......................................................... OK
Running ant (compile.gen.tests)............................................ OK
Running ant (run.gen.tests)................................................ OK
Failing tests: 0
Gen tests execution time: 1 seconds



----------------------------------------------- COMMONS-LANG_55_BUGGY -----------------------------------------------

##### DEV TESTS EXECUTION

Running ant (compile.tests)................................................ OK
Running ant (run.dev.tests)................................................ OK
Failing tests: 1
  - org.apache.commons.lang.time.StopWatchTest::testLang315
Dev tests execution time: 10 seconds




Extract test suite......................................................... OK
Running ant (compile.gen.tests)............................................ OK
Running ant (run.gen.tests)................................................ OK
Failing tests: 0
Gen tests execution time: 2 seconds

Extract test suite......................................................... OK
Running ant (compile.gen.tests)............................................ OK
Running ant (run.gen.tests)................................................ OK
Failing tests: 0
Gen tests execution time: 2 seconds

Extract test suite......................................................... OK
Running ant (compile.gen.tests)............................................ OK
Running ant (run.gen.tests)................................................ OK
Failing tests: 0
Gen tests execution time: 2 seconds

Extract test suite......................................................... OK
Running ant (compile.gen.tests)............................................ OK
Running ant (run.gen.tests)................................................ OK
Failing tests: 0
Gen tests execution time: 2 seconds

Extract test suite......................................................... OK
Running ant (compile.gen.tests)............................................ OK
Running ant (run.gen.tests)................................................ OK
Failing tests: 0
Gen tests execution time: 2 seconds



----------------------------------------------- COMMONS-LANG_56_BUGGY -----------------------------------------------

##### DEV TESTS EXECUTION

Running ant (compile.tests)................................................ OK
Running ant (run.dev.tests)................................................ OK
Failing tests: 1
  - org.apache.commons.lang.time.FastDateFormatTest::testLang303
Dev tests execution time: 9 seconds




Extract test suite......................................................... OK
Running ant (compile.gen.tests)............................................ OK
Running ant (run.gen.tests)................................................ OK
Failing tests: 0
Gen tests execution time: 2 seconds

Extract test suite......................................................... OK
Running ant (compile.gen.tests)............................................ OK
Running ant (run.gen.tests)................................................ OK
Failing tests: 0
Gen tests execution time: 3 seconds

Extract test suite......................................................... OK
Running ant (compile.gen.tests)............................................ OK
Running ant (run.gen.tests)................................................ OK
Failing tests: 0
Gen tests execution time: 3 seconds

Extract test suite......................................................... OK
Running ant (compile.gen.tests)............................................ OK
Running ant (run.gen.tests)................................................ OK
Failing tests: 0
Gen tests execution time: 2 seconds

Extract test suite......................................................... OK
Running ant (compile.gen.tests)............................................ OK
Running ant (run.gen.tests)................................................ OK
Failing tests: 0
Gen tests execution time: 3 seconds



----------------------------------------------- COMMONS-LANG_57_BUGGY -----------------------------------------------

##### DEV TESTS EXECUTION

Running ant (compile.tests)................................................ OK
Running ant (run.dev.tests)................................................ OK
Failing tests: 11
  - org.apache.commons.lang.LocaleUtilsTest::testAvailableLocaleSet
  - org.apache.commons.lang.LocaleUtilsTest::testIsAvailableLocale
  - org.apache.commons.lang.LocaleUtilsTest::testAvailableLocaleList
  - org.apache.commons.lang.LocaleUtilsTest::testCountriesByLanguage
  - org.apache.commons.lang.LocaleUtilsTest::testLocaleLookupList_LocaleLocale
  - org.apache.commons.lang.LocaleUtilsTest::testLanguagesByCountry
  - org.apache.commons.lang.LocaleUtilsTest::testToLocale_1Part
  - org.apache.commons.lang.LocaleUtilsTest::testToLocale_2Part
  - org.apache.commons.lang.LocaleUtilsTest::testToLocale_3Part
  - org.apache.commons.lang.LocaleUtilsTest::testLocaleLookupList_Locale
  - org.apache.commons.lang.LocaleUtilsTest::testConstructor
Dev tests execution time: 9 seconds




Extract test suite......................................................... OK
Running ant (compile.gen.tests)............................................ OK
Running ant (run.gen.tests)................................................ OK
Failing tests: 0
Gen tests execution time: 1 seconds

Extract test suite......................................................... OK
Running ant (compile.gen.tests)............................................ OK
Running ant (run.gen.tests)................................................ OK
Failing tests: 0
Gen tests execution time: 1 seconds

Extract test suite......................................................... OK
Running ant (compile.gen.tests)............................................ OK
Running ant (run.gen.tests)................................................ OK
Failing tests: 0
Gen tests execution time: 3 seconds

Extract test suite......................................................... OK
Running ant (compile.gen.tests)............................................ OK
Running ant (run.gen.tests)................................................ OK
Failing tests: 0
Gen tests execution time: 2 seconds

Extract test suite......................................................... OK
Running ant (compile.gen.tests)............................................ OK
Running ant (run.gen.tests)................................................ OK
Failing tests: 0
Gen tests execution time: 1 seconds



----------------------------------------------- COMMONS-LANG_58_BUGGY -----------------------------------------------

##### DEV TESTS EXECUTION

Running ant (compile.tests)................................................ OK
Running ant (run.dev.tests)................................................ OK
Failing tests: 1
  - org.apache.commons.lang.math.NumberUtilsTest::testLang300
Dev tests execution time: 9 seconds




Extract test suite......................................................... OK
Running ant (compile.gen.tests)............................................ OK
Running ant (run.gen.tests)................................................ OK
Failing tests: 0
Gen tests execution time: 3 seconds

Extract test suite......................................................... OK
Running ant (compile.gen.tests)............................................ OK
Running ant (run.gen.tests)................................................ OK
Failing tests: 0
Gen tests execution time: 2 seconds

Extract test suite......................................................... OK
Running ant (compile.gen.tests)............................................ OK
Running ant (run.gen.tests)................................................ OK
Failing tests: 0
Gen tests execution time: 2 seconds

Extract test suite......................................................... OK
Running ant (compile.gen.tests)............................................ OK
Running ant (run.gen.tests)................................................ OK
Failing tests: 0
Gen tests execution time: 3 seconds

Extract test suite......................................................... OK
Running ant (compile.gen.tests)............................................ OK
Running ant (run.gen.tests)................................................ OK
Failing tests: 0
Gen tests execution time: 2 seconds



----------------------------------------------- COMMONS-LANG_59_BUGGY -----------------------------------------------

##### DEV TESTS EXECUTION

Running ant (compile.tests)................................................ OK
Running ant (run.dev.tests)................................................ OK
Failing tests: 1
  - org.apache.commons.lang.text.StrBuilderAppendInsertTest::testLang299
Dev tests execution time: 9 seconds




Extract test suite......................................................... OK
Running ant (compile.gen.tests)............................................ OK
Running ant (run.gen.tests)................................................ OK
Failing tests: 0
Gen tests execution time: 3 seconds

Extract test suite......................................................... OK
Running ant (compile.gen.tests)............................................ OK
Running ant (run.gen.tests)................................................ OK
Failing tests: 0
Gen tests execution time: 2 seconds

Extract test suite......................................................... OK
Running ant (compile.gen.tests)............................................ OK
Running ant (run.gen.tests)................................................ OK
Failing tests: 0
Gen tests execution time: 3 seconds

Extract test suite......................................................... OK
Running ant (compile.gen.tests)............................................ OK
Running ant (run.gen.tests)................................................ OK
Failing tests: 0
Gen tests execution time: 4 seconds

Extract test suite......................................................... OK
Running ant (compile.gen.tests)............................................ OK
Running ant (run.gen.tests)................................................ OK
Failing tests: 0
Gen tests execution time: 2 seconds



----------------------------------------------- COMMONS-LANG_60_BUGGY -----------------------------------------------

##### DEV TESTS EXECUTION

Running ant (compile.tests)................................................ OK
Running ant (run.dev.tests)................................................ OK
Failing tests: 1
  - org.apache.commons.lang.text.StrBuilderTest::testLang295
Dev tests execution time: 8 seconds




Extract test suite......................................................... OK
Running ant (compile.gen.tests)............................................ OK
Running ant (run.gen.tests)................................................ OK
Failing tests: 0
Gen tests execution time: 3 seconds

Extract test suite......................................................... OK
Running ant (compile.gen.tests)............................................ OK
Running ant (run.gen.tests)................................................ OK
Failing tests: 0
Gen tests execution time: 2 seconds

Extract test suite......................................................... OK
Running ant (compile.gen.tests)............................................ OK
Running ant (run.gen.tests)................................................ OK
Failing tests: 0
Gen tests execution time: 3 seconds

Extract test suite......................................................... OK
Running ant (compile.gen.tests)............................................ OK
Running ant (run.gen.tests)................................................ OK
Failing tests: 0
Gen tests execution time: 3 seconds

Extract test suite......................................................... OK
Running ant (compile.gen.tests)............................................ OK
Running ant (run.gen.tests)................................................ OK
Failing tests: 0
Gen tests execution time: 3 seconds



----------------------------------------------- COMMONS-LANG_61_BUGGY -----------------------------------------------

##### DEV TESTS EXECUTION

Running ant (compile.tests)................................................ OK
Running ant (run.dev.tests)................................................ OK
Failing tests: 2
  - org.apache.commons.lang.text.StrBuilderTest::testIndexOfLang294
  - org.apache.commons.lang.text.StrBuilderTest::testLang294
Dev tests execution time: 8 seconds




Extract test suite......................................................... OK
Running ant (compile.gen.tests)............................................ OK
Running ant (run.gen.tests)................................................ OK
Failing tests: 0
Gen tests execution time: 3 seconds

Extract test suite......................................................... OK
Running ant (compile.gen.tests)............................................ OK
Running ant (run.gen.tests)................................................ OK
Failing tests: 0
Gen tests execution time: 3 seconds

Extract test suite......................................................... OK
Running ant (compile.gen.tests)............................................ OK
Running ant (run.gen.tests)................................................ OK
Failing tests: 0
Gen tests execution time: 3 seconds

Extract test suite......................................................... OK
Running ant (compile.gen.tests)............................................ OK
Running ant (run.gen.tests)................................................ OK
Failing tests: 0
Gen tests execution time: 3 seconds

Extract test suite......................................................... OK
Running ant (compile.gen.tests)............................................ OK
Running ant (run.gen.tests)................................................ OK
Failing tests: 0
Gen tests execution time: 3 seconds



----------------------------------------------- COMMONS-LANG_62_BUGGY -----------------------------------------------

##### DEV TESTS EXECUTION

Running ant (compile.tests)................................................ OK
Running ant (run.dev.tests)................................................ OK
Failing tests: 1
  - org.apache.commons.lang.EntitiesTest::testNumberOverflow
Dev tests execution time: 8 seconds




Extract test suite......................................................... OK
Running ant (compile.gen.tests)............................................ OK
Running ant (run.gen.tests)................................................ OK
Failing tests: 0
Gen tests execution time: 2 seconds

Extract test suite......................................................... OK
Running ant (compile.gen.tests)............................................ OK
Running ant (run.gen.tests)................................................ OK
Failing tests: 1
  - org.apache.commons.lang.Entities_ESTest::test12
Gen tests execution time: 3 seconds

Extract test suite......................................................... OK
Running ant (compile.gen.tests)............................................ OK
Running ant (run.gen.tests)................................................ OK
Failing tests: 0
Gen tests execution time: 1 seconds

Extract test suite......................................................... OK
Running ant (compile.gen.tests)............................................ OK
Running ant (run.gen.tests)................................................ OK
Failing tests: 0
Gen tests execution time: 2 seconds

Extract test suite......................................................... OK
Running ant (compile.gen.tests)............................................ OK
Running ant (run.gen.tests)................................................ OK
Failing tests: 1
  - org.apache.commons.lang.Entities_ESTest::test07
Gen tests execution time: 2 seconds



----------------------------------------------- COMMONS-LANG_63_BUGGY -----------------------------------------------

##### DEV TESTS EXECUTION

Running ant (compile.tests)................................................ OK
Running ant (run.dev.tests)................................................ OK
Failing tests: 1
  - org.apache.commons.lang.time.DurationFormatUtilsTest::testJiraLang281
Dev tests execution time: 9 seconds




Extract test suite......................................................... OK
Running ant (compile.gen.tests)............................................ OK
Running ant (run.gen.tests)................................................ OK
Failing tests: 1
  - org.apache.commons.lang.time.DurationFormatUtils_ESTest::test00
Gen tests execution time: 2 seconds

Extract test suite......................................................... OK
Running ant (compile.gen.tests)............................................ OK
Running ant (run.gen.tests)................................................ OK
Failing tests: 0
Gen tests execution time: 3 seconds

Extract test suite......................................................... OK
Running ant (compile.gen.tests)............................................ OK
Running ant (run.gen.tests)................................................ OK
Failing tests: 0
Gen tests execution time: 2 seconds

Extract test suite......................................................... OK
Running ant (compile.gen.tests)............................................ OK
Running ant (run.gen.tests)................................................ OK
Failing tests: 0
Gen tests execution time: 3 seconds

Extract test suite......................................................... OK
Running ant (compile.gen.tests)............................................ OK
Running ant (run.gen.tests)................................................ OK
Failing tests: 0
Gen tests execution time: 2 seconds



----------------------------------------------- COMMONS-LANG_64_BUGGY -----------------------------------------------

##### DEV TESTS EXECUTION

Running ant (compile.tests)................................................ OK
Running ant (run.dev.tests)................................................ OK
Failing tests: 1
  - org.apache.commons.lang.enums.ValuedEnumTest::testCompareTo_otherEnumType
Dev tests execution time: 10 seconds




Extract test suite......................................................... OK
Running ant (compile.gen.tests)............................................ OK
Running ant (run.gen.tests)................................................ OK
Failing tests: 0
Gen tests execution time: 2 seconds

Extract test suite......................................................... OK
Running ant (compile.gen.tests)............................................ OK
Running ant (run.gen.tests)................................................ OK
Failing tests: 0
Gen tests execution time: 2 seconds

Extract test suite......................................................... OK
Running ant (compile.gen.tests)............................................ OK
Running ant (run.gen.tests)................................................ OK
Failing tests: 0
Gen tests execution time: 3 seconds

Extract test suite......................................................... OK
Running ant (compile.gen.tests)............................................ OK
Running ant (run.gen.tests)................................................ OK
Failing tests: 0
Gen tests execution time: 2 seconds

Extract test suite......................................................... OK
Running ant (compile.gen.tests)............................................ OK
Running ant (run.gen.tests)................................................ OK
Failing tests: 0
Gen tests execution time: 3 seconds



----------------------------------------------- COMMONS-LANG_65_BUGGY -----------------------------------------------

##### DEV TESTS EXECUTION

Running ant (compile.tests)................................................ OK
Running ant (run.dev.tests)................................................ OK
Failing tests: 1
  - org.apache.commons.lang.time.DateUtilsTest::testTruncateLang59
Dev tests execution time: 9 seconds




Extract test suite......................................................... OK
Running ant (compile.gen.tests)............................................ OK
Running ant (run.gen.tests)................................................ OK
Failing tests: 0
Gen tests execution time: 2 seconds

Extract test suite......................................................... OK
Running ant (compile.gen.tests)............................................ OK
Running ant (run.gen.tests)................................................ OK
Failing tests: 0
Gen tests execution time: 2 seconds

Extract test suite......................................................... OK
Running ant (compile.gen.tests)............................................ OK
Running ant (run.gen.tests)................................................ OK
Failing tests: 0
Gen tests execution time: 3 seconds

Extract test suite......................................................... OK
Running ant (compile.gen.tests)............................................ OK
Running ant (run.gen.tests)................................................ OK
Failing tests: 0
Gen tests execution time: 2 seconds

Extract test suite......................................................... OK
Running ant (compile.gen.tests)............................................ OK
Running ant (run.gen.tests)................................................ OK
Failing tests: 0
Gen tests execution time: 3 seconds

